{"meta": {"format": 3, "version": "7.10.7", "timestamp": "2025-10-06T10:53:14.108716", "branch_coverage": false, "show_contexts": false}, "files": {"scripts/__init__.py": {"executed_lines": [], "summary": {"covered_lines": 0, "num_statements": 0, "percent_covered": 100.0, "percent_covered_display": "100", "missing_lines": 0, "excluded_lines": 0}, "missing_lines": [], "excluded_lines": [], "functions": {"": {"executed_lines": [], "summary": {"covered_lines": 0, "num_statements": 0, "percent_covered": 100.0, "percent_covered_display": "100", "missing_lines": 0, "excluded_lines": 0}, "missing_lines": [], "excluded_lines": []}}, "classes": {"": {"executed_lines": [], "summary": {"covered_lines": 0, "num_statements": 0, "percent_covered": 100.0, "percent_covered_display": "100", "missing_lines": 0, "excluded_lines": 0}, "missing_lines": [], "excluded_lines": []}}}, "scripts/decode_transactions.py": {"executed_lines": [], "summary": {"covered_lines": 0, "num_statements": 57, "percent_covered": 0.0, "percent_covered_display": "0", "missing_lines": 57, "excluded_lines": 2}, "missing_lines": [15, 16, 17, 18, 20, 22, 23, 24, 25, 29, 31, 34, 36, 37, 40, 54, 57, 58, 59, 62, 63, 64, 67, 68, 69, 72, 73, 74, 76, 79, 80, 86, 92, 97, 105, 115, 117, 118, 119, 121, 123, 124, 127, 130, 131, 133, 141, 146, 147, 149, 152, 153, 154, 156, 158, 159, 160], "excluded_lines": [163, 164], "functions": {"load_transactions": {"executed_lines": [], "summary": {"covered_lines": 0, "num_statements": 2, "percent_covered": 0.0, "percent_covered_display": "0", "missing_lines": 2, "excluded_lines": 0}, "missing_lines": [36, 37], "excluded_lines": []}, "decode_transaction": {"executed_lines": [], "summary": {"covered_lines": 0, "num_statements": 14, "percent_covered": 0.0, "percent_covered_display": "0", "missing_lines": 14, "excluded_lines": 0}, "missing_lines": [54, 57, 58, 59, 62, 63, 64, 67, 68, 69, 72, 73, 74, 76], "excluded_lines": []}, "main": {"executed_lines": [], "summary": {"covered_lines": 0, "num_statements": 22, "percent_covered": 0.0, "percent_covered_display": "0", "missing_lines": 22, "excluded_lines": 0}, "missing_lines": [115, 117, 118, 119, 121, 123, 124, 127, 130, 131, 133, 141, 146, 147, 149, 152, 153, 154, 156, 158, 159, 160], "excluded_lines": []}, "": {"executed_lines": [], "summary": {"covered_lines": 0, "num_statements": 19, "percent_covered": 0.0, "percent_covered_display": "0", "missing_lines": 19, "excluded_lines": 2}, "missing_lines": [15, 16, 17, 18, 20, 22, 23, 24, 25, 29, 31, 34, 40, 79, 80, 86, 92, 97, 105], "excluded_lines": [163, 164]}}, "classes": {"": {"executed_lines": [], "summary": {"covered_lines": 0, "num_statements": 57, "percent_covered": 0.0, "percent_covered_display": "0", "missing_lines": 57, "excluded_lines": 2}, "missing_lines": [15, 16, 17, 18, 20, 22, 23, 24, 25, 29, 31, 34, 36, 37, 40, 54, 57, 58, 59, 62, 63, 64, 67, 68, 69, 72, 73, 74, 76, 79, 80, 86, 92, 97, 105, 115, 117, 118, 119, 121, 123, 124, 127, 130, 131, 133, 141, 146, 147, 149, 152, 153, 154, 156, 158, 159, 160], "excluded_lines": [163, 164]}}}, "scripts/examples/__init__.py": {"executed_lines": [], "summary": {"covered_lines": 0, "num_statements": 0, "percent_covered": 100.0, "percent_covered_display": "100", "missing_lines": 0, "excluded_lines": 0}, "missing_lines": [], "excluded_lines": [], "functions": {"": {"executed_lines": [], "summary": {"covered_lines": 0, "num_statements": 0, "percent_covered": 100.0, "percent_covered_display": "100", "missing_lines": 0, "excluded_lines": 0}, "missing_lines": [], "excluded_lines": []}}, "classes": {"": {"executed_lines": [], "summary": {"covered_lines": 0, "num_statements": 0, "percent_covered": 100.0, "percent_covered_display": "100", "missing_lines": 0, "excluded_lines": 0}, "missing_lines": [], "excluded_lines": []}}}, "scripts/examples/analyze_transaction.py": {"executed_lines": [], "summary": {"covered_lines": 0, "num_statements": 237, "percent_covered": 0.0, "percent_covered_display": "0", "missing_lines": 237, "excluded_lines": 2}, "missing_lines": [34, 35, 36, 37, 38, 40, 41, 43, 44, 49, 50, 51, 52, 53, 58, 61, 77, 85, 86, 87, 88, 89, 91, 102, 103, 104, 107, 108, 109, 110, 111, 112, 113, 114, 117, 118, 121, 122, 123, 128, 129, 130, 131, 132, 133, 134, 136, 138, 155, 156, 157, 160, 161, 163, 165, 167, 168, 170, 171, 173, 174, 177, 178, 180, 181, 182, 183, 184, 185, 186, 189, 191, 193, 194, 195, 197, 219, 220, 221, 223, 224, 226, 228, 231, 232, 233, 234, 235, 236, 239, 240, 243, 244, 245, 246, 247, 248, 251, 252, 256, 257, 260, 261, 262, 265, 266, 267, 270, 271, 275, 276, 279, 280, 281, 284, 285, 286, 289, 290, 294, 295, 298, 301, 302, 306, 307, 314, 316, 329, 330, 331, 333, 336, 339, 345, 346, 347, 348, 349, 351, 353, 372, 373, 374, 376, 377, 378, 379, 380, 382, 383, 386, 387, 396, 398, 399, 400, 401, 404, 406, 408, 409, 410, 412, 433, 434, 435, 437, 440, 442, 443, 444, 445, 450, 451, 452, 453, 454, 455, 457, 459, 480, 481, 484, 485, 486, 487, 488, 491, 499, 502, 504, 506, 507, 509, 512, 514, 515, 516, 518, 519, 521, 522, 523, 524, 525, 527, 528, 530, 533, 534, 540, 546, 552, 558, 566, 598, 600, 601, 602, 603, 604, 605, 606, 608, 610, 613, 616, 617, 620, 622, 624, 625, 626, 627, 628, 629], "excluded_lines": [632, 633], "functions": {"TransactionAnalyzer.__init__": {"executed_lines": [], "summary": {"covered_lines": 0, "num_statements": 5, "percent_covered": 0.0, "percent_covered_display": "0", "missing_lines": 5, "excluded_lines": 0}, "missing_lines": [85, 86, 87, 88, 89], "excluded_lines": []}, "TransactionAnalyzer.initialize": {"executed_lines": [], "summary": {"covered_lines": 0, "num_statements": 24, "percent_covered": 0.0, "percent_covered_display": "0", "missing_lines": 24, "excluded_lines": 0}, "missing_lines": [102, 103, 104, 107, 108, 109, 110, 111, 112, 113, 114, 117, 118, 121, 122, 123, 128, 129, 130, 131, 132, 133, 134, 136], "excluded_lines": []}, "TransactionAnalyzer.fetch_transaction": {"executed_lines": [], "summary": {"covered_lines": 0, "num_statements": 27, "percent_covered": 0.0, "percent_covered_display": "0", "missing_lines": 27, "excluded_lines": 0}, "missing_lines": [155, 156, 157, 160, 161, 163, 165, 167, 168, 170, 171, 173, 174, 177, 178, 180, 181, 182, 183, 184, 185, 186, 189, 191, 193, 194, 195], "excluded_lines": []}, "TransactionAnalyzer.decode_transaction": {"executed_lines": [], "summary": {"covered_lines": 0, "num_statements": 51, "percent_covered": 0.0, "percent_covered_display": "0", "missing_lines": 51, "excluded_lines": 0}, "missing_lines": [219, 220, 221, 223, 224, 226, 228, 231, 232, 233, 234, 235, 236, 239, 240, 243, 244, 245, 246, 247, 248, 251, 252, 256, 257, 260, 261, 262, 265, 266, 267, 270, 271, 275, 276, 279, 280, 281, 284, 285, 286, 289, 290, 294, 295, 298, 301, 302, 306, 307, 314], "excluded_lines": []}, "TransactionAnalyzer.format_prompt": {"executed_lines": [], "summary": {"covered_lines": 0, "num_statements": 12, "percent_covered": 0.0, "percent_covered_display": "0", "missing_lines": 12, "excluded_lines": 0}, "missing_lines": [329, 330, 331, 333, 336, 339, 345, 346, 347, 348, 349, 351], "excluded_lines": []}, "TransactionAnalyzer.run_model_inference": {"executed_lines": [], "summary": {"covered_lines": 0, "num_statements": 22, "percent_covered": 0.0, "percent_covered_display": "0", "missing_lines": 22, "excluded_lines": 0}, "missing_lines": [372, 373, 374, 376, 377, 378, 379, 380, 382, 383, 386, 387, 396, 398, 399, 400, 401, 404, 406, 408, 409, 410], "excluded_lines": []}, "TransactionAnalyzer.parse_intent": {"executed_lines": [], "summary": {"covered_lines": 0, "num_statements": 16, "percent_covered": 0.0, "percent_covered_display": "0", "missing_lines": 16, "excluded_lines": 0}, "missing_lines": [433, 434, 435, 437, 440, 442, 443, 444, 445, 450, 451, 452, 453, 454, 455, 457], "excluded_lines": []}, "TransactionAnalyzer.analyze": {"executed_lines": [], "summary": {"covered_lines": 0, "num_statements": 9, "percent_covered": 0.0, "percent_covered_display": "0", "missing_lines": 9, "excluded_lines": 0}, "missing_lines": [480, 481, 484, 485, 486, 487, 488, 491, 499], "excluded_lines": []}, "save_result": {"executed_lines": [], "summary": {"covered_lines": 0, "num_statements": 4, "percent_covered": 0.0, "percent_covered_display": "0", "missing_lines": 4, "excluded_lines": 0}, "missing_lines": [504, 506, 507, 509], "excluded_lines": []}, "print_summary": {"executed_lines": [], "summary": {"covered_lines": 0, "num_statements": 13, "percent_covered": 0.0, "percent_covered_display": "0", "missing_lines": 13, "excluded_lines": 0}, "missing_lines": [514, 515, 516, 518, 519, 521, 522, 523, 524, 525, 527, 528, 530], "excluded_lines": []}, "main": {"executed_lines": [], "summary": {"covered_lines": 0, "num_statements": 21, "percent_covered": 0.0, "percent_covered_display": "0", "missing_lines": 21, "excluded_lines": 0}, "missing_lines": [598, 600, 601, 602, 603, 604, 605, 606, 608, 610, 613, 616, 617, 620, 622, 624, 625, 626, 627, 628, 629], "excluded_lines": []}, "": {"executed_lines": [], "summary": {"covered_lines": 0, "num_statements": 33, "percent_covered": 0.0, "percent_covered_display": "0", "missing_lines": 33, "excluded_lines": 2}, "missing_lines": [34, 35, 36, 37, 38, 40, 41, 43, 44, 49, 50, 51, 52, 53, 58, 61, 77, 91, 138, 197, 316, 353, 412, 459, 502, 512, 533, 534, 540, 546, 552, 558, 566], "excluded_lines": [632, 633]}}, "classes": {"TransactionAnalyzer": {"executed_lines": [], "summary": {"covered_lines": 0, "num_statements": 166, "percent_covered": 0.0, "percent_covered_display": "0", "missing_lines": 166, "excluded_lines": 0}, "missing_lines": [85, 86, 87, 88, 89, 102, 103, 104, 107, 108, 109, 110, 111, 112, 113, 114, 117, 118, 121, 122, 123, 128, 129, 130, 131, 132, 133, 134, 136, 155, 156, 157, 160, 161, 163, 165, 167, 168, 170, 171, 173, 174, 177, 178, 180, 181, 182, 183, 184, 185, 186, 189, 191, 193, 194, 195, 219, 220, 221, 223, 224, 226, 228, 231, 232, 233, 234, 235, 236, 239, 240, 243, 244, 245, 246, 247, 248, 251, 252, 256, 257, 260, 261, 262, 265, 266, 267, 270, 271, 275, 276, 279, 280, 281, 284, 285, 286, 289, 290, 294, 295, 298, 301, 302, 306, 307, 314, 329, 330, 331, 333, 336, 339, 345, 346, 347, 348, 349, 351, 372, 373, 374, 376, 377, 378, 379, 380, 382, 383, 386, 387, 396, 398, 399, 400, 401, 404, 406, 408, 409, 410, 433, 434, 435, 437, 440, 442, 443, 444, 445, 450, 451, 452, 453, 454, 455, 457, 480, 481, 484, 485, 486, 487, 488, 491, 499], "excluded_lines": []}, "": {"executed_lines": [], "summary": {"covered_lines": 0, "num_statements": 71, "percent_covered": 0.0, "percent_covered_display": "0", "missing_lines": 71, "excluded_lines": 2}, "missing_lines": [34, 35, 36, 37, 38, 40, 41, 43, 44, 49, 50, 51, 52, 53, 58, 61, 77, 91, 138, 197, 316, 353, 412, 459, 502, 504, 506, 507, 509, 512, 514, 515, 516, 518, 519, 521, 522, 523, 524, 525, 527, 528, 530, 533, 534, 540, 546, 552, 558, 566, 598, 600, 601, 602, 603, 604, 605, 606, 608, 610, 613, 616, 617, 620, 622, 624, 625, 626, 627, 628, 629], "excluded_lines": [632, 633]}}}, "scripts/examples/run_inference.py": {"executed_lines": [], "summary": {"covered_lines": 0, "num_statements": 159, "percent_covered": 0.0, "percent_covered_display": "0", "missing_lines": 159, "excluded_lines": 2}, "missing_lines": [30, 31, 32, 33, 35, 36, 38, 39, 44, 45, 46, 47, 48, 53, 56, 76, 79, 80, 82, 84, 87, 89, 90, 91, 93, 96, 97, 99, 104, 106, 107, 109, 117, 119, 120, 121, 122, 123, 124, 127, 143, 146, 147, 148, 149, 150, 151, 152, 155, 156, 157, 158, 159, 160, 161, 164, 165, 166, 167, 168, 169, 170, 173, 174, 175, 176, 177, 178, 179, 181, 184, 198, 201, 203, 206, 224, 225, 227, 228, 231, 232, 233, 234, 237, 238, 241, 244, 249, 254, 263, 265, 266, 267, 269, 271, 274, 275, 281, 287, 293, 299, 305, 311, 317, 325, 359, 362, 363, 364, 366, 367, 368, 370, 371, 373, 375, 376, 381, 384, 385, 386, 387, 388, 389, 391, 392, 394, 395, 396, 399, 400, 401, 404, 405, 406, 414, 417, 418, 420, 421, 422, 428, 434, 437, 438, 439, 440, 441, 442, 443, 444, 445, 446, 448, 449, 450, 451, 452, 453], "excluded_lines": [456, 457], "functions": {"fetch_and_decode_transaction": {"executed_lines": [], "summary": {"covered_lines": 0, "num_statements": 24, "percent_covered": 0.0, "percent_covered_display": "0", "missing_lines": 24, "excluded_lines": 0}, "missing_lines": [76, 79, 80, 82, 84, 87, 89, 90, 91, 93, 96, 97, 99, 104, 106, 107, 109, 117, 119, 120, 121, 122, 123, 124], "excluded_lines": []}, "decode_transaction_with_all_decoders": {"executed_lines": [], "summary": {"covered_lines": 0, "num_statements": 30, "percent_covered": 0.0, "percent_covered_display": "0", "missing_lines": 30, "excluded_lines": 0}, "missing_lines": [143, 146, 147, 148, 149, 150, 151, 152, 155, 156, 157, 158, 159, 160, 161, 164, 165, 166, 167, 168, 169, 170, 173, 174, 175, 176, 177, 178, 179, 181], "excluded_lines": []}, "format_prompt": {"executed_lines": [], "summary": {"covered_lines": 0, "num_statements": 3, "percent_covered": 0.0, "percent_covered_display": "0", "missing_lines": 3, "excluded_lines": 0}, "missing_lines": [198, 201, 203], "excluded_lines": []}, "load_transaction_from_file": {"executed_lines": [], "summary": {"covered_lines": 0, "num_statements": 13, "percent_covered": 0.0, "percent_covered_display": "0", "missing_lines": 13, "excluded_lines": 0}, "missing_lines": [224, 225, 227, 228, 231, 232, 233, 234, 237, 238, 241, 244, 249], "excluded_lines": []}, "save_result": {"executed_lines": [], "summary": {"covered_lines": 0, "num_statements": 6, "percent_covered": 0.0, "percent_covered_display": "0", "missing_lines": 6, "excluded_lines": 0}, "missing_lines": [263, 265, 266, 267, 269, 271], "excluded_lines": []}, "main": {"executed_lines": [], "summary": {"covered_lines": 0, "num_statements": 54, "percent_covered": 0.0, "percent_covered_display": "0", "missing_lines": 54, "excluded_lines": 0}, "missing_lines": [359, 362, 363, 364, 366, 367, 368, 370, 371, 373, 375, 376, 381, 384, 385, 386, 387, 388, 389, 391, 392, 394, 395, 396, 399, 400, 401, 404, 405, 406, 414, 417, 418, 420, 421, 422, 428, 434, 437, 438, 439, 440, 441, 442, 443, 444, 445, 446, 448, 449, 450, 451, 452, 453], "excluded_lines": []}, "": {"executed_lines": [], "summary": {"covered_lines": 0, "num_statements": 29, "percent_covered": 0.0, "percent_covered_display": "0", "missing_lines": 29, "excluded_lines": 2}, "missing_lines": [30, 31, 32, 33, 35, 36, 38, 39, 44, 45, 46, 47, 48, 53, 56, 127, 184, 206, 254, 274, 275, 281, 287, 293, 299, 305, 311, 317, 325], "excluded_lines": [456, 457]}}, "classes": {"": {"executed_lines": [], "summary": {"covered_lines": 0, "num_statements": 159, "percent_covered": 0.0, "percent_covered_display": "0", "missing_lines": 159, "excluded_lines": 2}, "missing_lines": [30, 31, 32, 33, 35, 36, 38, 39, 44, 45, 46, 47, 48, 53, 56, 76, 79, 80, 82, 84, 87, 89, 90, 91, 93, 96, 97, 99, 104, 106, 107, 109, 117, 119, 120, 121, 122, 123, 124, 127, 143, 146, 147, 148, 149, 150, 151, 152, 155, 156, 157, 158, 159, 160, 161, 164, 165, 166, 167, 168, 169, 170, 173, 174, 175, 176, 177, 178, 179, 181, 184, 198, 201, 203, 206, 224, 225, 227, 228, 231, 232, 233, 234, 237, 238, 241, 244, 249, 254, 263, 265, 266, 267, 269, 271, 274, 275, 281, 287, 293, 299, 305, 311, 317, 325, 359, 362, 363, 364, 366, 367, 368, 370, 371, 373, 375, 376, 381, 384, 385, 386, 387, 388, 389, 391, 392, 394, 395, 396, 399, 400, 401, 404, 405, 406, 414, 417, 418, 420, 421, 422, 428, 434, 437, 438, 439, 440, 441, 442, 443, 444, 445, 446, 448, 449, 450, 451, 452, 453], "excluded_lines": [456, 457]}}}, "scripts/fetch_transactions.py": {"executed_lines": [], "summary": {"covered_lines": 0, "num_statements": 61, "percent_covered": 0.0, "percent_covered_display": "0", "missing_lines": 61, "excluded_lines": 2}, "missing_lines": [16, 17, 18, 19, 21, 22, 24, 28, 30, 33, 35, 37, 38, 40, 41, 42, 43, 44, 45, 46, 47, 48, 49, 52, 56, 58, 59, 60, 62, 64, 67, 68, 73, 79, 85, 91, 99, 109, 112, 114, 115, 116, 117, 119, 121, 123, 124, 125, 128, 129, 137, 138, 146, 147, 148, 151, 152, 158, 160, 161, 162], "excluded_lines": [165, 166], "functions": {"load_config": {"executed_lines": [], "summary": {"covered_lines": 0, "num_statements": 13, "percent_covered": 0.0, "percent_covered_display": "0", "missing_lines": 13, "excluded_lines": 0}, "missing_lines": [35, 37, 38, 40, 41, 42, 43, 44, 45, 46, 47, 48, 49], "excluded_lines": []}, "save_transactions": {"executed_lines": [], "summary": {"covered_lines": 0, "num_statements": 6, "percent_covered": 0.0, "percent_covered_display": "0", "missing_lines": 6, "excluded_lines": 0}, "missing_lines": [56, 58, 59, 60, 62, 64], "excluded_lines": []}, "main": {"executed_lines": [], "summary": {"covered_lines": 0, "num_statements": 24, "percent_covered": 0.0, "percent_covered_display": "0", "missing_lines": 24, "excluded_lines": 0}, "missing_lines": [109, 112, 114, 115, 116, 117, 119, 121, 123, 124, 125, 128, 129, 137, 138, 146, 147, 148, 151, 152, 158, 160, 161, 162], "excluded_lines": []}, "": {"executed_lines": [], "summary": {"covered_lines": 0, "num_statements": 18, "percent_covered": 0.0, "percent_covered_display": "0", "missing_lines": 18, "excluded_lines": 2}, "missing_lines": [16, 17, 18, 19, 21, 22, 24, 28, 30, 33, 52, 67, 68, 73, 79, 85, 91, 99], "excluded_lines": [165, 166]}}, "classes": {"": {"executed_lines": [], "summary": {"covered_lines": 0, "num_statements": 61, "percent_covered": 0.0, "percent_covered_display": "0", "missing_lines": 61, "excluded_lines": 2}, "missing_lines": [16, 17, 18, 19, 21, 22, 24, 28, 30, 33, 35, 37, 38, 40, 41, 42, 43, 44, 45, 46, 47, 48, 49, 52, 56, 58, 59, 60, 62, 64, 67, 68, 73, 79, 85, 91, 99, 109, 112, 114, 115, 116, 117, 119, 121, 123, 124, 125, 128, 129, 137, 138, 146, 147, 148, 151, 152, 158, 160, 161, 162], "excluded_lines": [165, 166]}}}, "scripts/find_tasks.py": {"executed_lines": [], "summary": {"covered_lines": 0, "num_statements": 91, "percent_covered": 0.0, "percent_covered_display": "0", "missing_lines": 91, "excluded_lines": 2}, "missing_lines": [12, 13, 14, 15, 16, 18, 19, 22, 32, 33, 34, 35, 37, 38, 39, 40, 41, 42, 43, 45, 48, 58, 61, 62, 64, 65, 67, 68, 69, 71, 74, 84, 85, 86, 87, 88, 89, 91, 93, 96, 109, 110, 113, 126, 127, 138, 152, 153, 154, 156, 157, 158, 159, 160, 161, 162, 165, 167, 168, 169, 170, 171, 173, 176, 177, 178, 180, 182, 183, 188, 189, 190, 191, 193, 196, 197, 202, 208, 214, 220, 228, 229, 230, 231, 234, 235, 237, 238, 239, 242, 244], "excluded_lines": [247, 248], "functions": {"find_todos_in_file": {"executed_lines": [], "summary": {"covered_lines": 0, "num_statements": 12, "percent_covered": 0.0, "percent_covered_display": "0", "missing_lines": 12, "excluded_lines": 0}, "missing_lines": [32, 33, 34, 35, 37, 38, 39, 40, 41, 42, 43, 45], "excluded_lines": []}, "find_all_todos": {"executed_lines": [], "summary": {"covered_lines": 0, "num_statements": 9, "percent_covered": 0.0, "percent_covered_display": "0", "missing_lines": 9, "excluded_lines": 0}, "missing_lines": [58, 61, 62, 64, 65, 67, 68, 69, 71], "excluded_lines": []}, "get_existing_issue_titles": {"executed_lines": [], "summary": {"covered_lines": 0, "num_statements": 8, "percent_covered": 0.0, "percent_covered_display": "0", "missing_lines": 8, "excluded_lines": 0}, "missing_lines": [84, 85, 86, 87, 88, 89, 91, 93], "excluded_lines": []}, "create_issue_title": {"executed_lines": [], "summary": {"covered_lines": 0, "num_statements": 2, "percent_covered": 0.0, "percent_covered_display": "0", "missing_lines": 2, "excluded_lines": 0}, "missing_lines": [109, 110], "excluded_lines": []}, "create_issue_body": {"executed_lines": [], "summary": {"covered_lines": 0, "num_statements": 2, "percent_covered": 0.0, "percent_covered_display": "0", "missing_lines": 2, "excluded_lines": 0}, "missing_lines": [126, 127], "excluded_lines": []}, "create_github_issues": {"executed_lines": [], "summary": {"covered_lines": 0, "num_statements": 28, "percent_covered": 0.0, "percent_covered_display": "0", "missing_lines": 28, "excluded_lines": 0}, "missing_lines": [152, 153, 154, 156, 157, 158, 159, 160, 161, 162, 165, 167, 168, 169, 170, 171, 173, 176, 177, 178, 180, 182, 183, 188, 189, 190, 191, 193], "excluded_lines": []}, "main": {"executed_lines": [], "summary": {"covered_lines": 0, "num_statements": 11, "percent_covered": 0.0, "percent_covered_display": "0", "missing_lines": 11, "excluded_lines": 0}, "missing_lines": [228, 229, 230, 231, 234, 235, 237, 238, 239, 242, 244], "excluded_lines": []}, "": {"executed_lines": [], "summary": {"covered_lines": 0, "num_statements": 19, "percent_covered": 0.0, "percent_covered_display": "0", "missing_lines": 19, "excluded_lines": 2}, "missing_lines": [12, 13, 14, 15, 16, 18, 19, 22, 48, 74, 96, 113, 138, 196, 197, 202, 208, 214, 220], "excluded_lines": [247, 248]}}, "classes": {"": {"executed_lines": [], "summary": {"covered_lines": 0, "num_statements": 91, "percent_covered": 0.0, "percent_covered_display": "0", "missing_lines": 91, "excluded_lines": 2}, "missing_lines": [12, 13, 14, 15, 16, 18, 19, 22, 32, 33, 34, 35, 37, 38, 39, 40, 41, 42, 43, 45, 48, 58, 61, 62, 64, 65, 67, 68, 69, 71, 74, 84, 85, 86, 87, 88, 89, 91, 93, 96, 109, 110, 113, 126, 127, 138, 152, 153, 154, 156, 157, 158, 159, 160, 161, 162, 165, 167, 168, 169, 170, 171, 173, 176, 177, 178, 180, 182, 183, 188, 189, 190, 191, 193, 196, 197, 202, 208, 214, 220, 228, 229, 230, 231, 234, 235, 237, 238, 239, 242, 244], "excluded_lines": [247, 248]}}}, "src/eth_finetuning/__init__.py": {"executed_lines": [1, 9], "summary": {"covered_lines": 1, "num_statements": 1, "percent_covered": 100.0, "percent_covered_display": "100", "missing_lines": 0, "excluded_lines": 0}, "missing_lines": [], "excluded_lines": [], "functions": {"": {"executed_lines": [1, 9], "summary": {"covered_lines": 1, "num_statements": 1, "percent_covered": 100.0, "percent_covered_display": "100", "missing_lines": 0, "excluded_lines": 0}, "missing_lines": [], "excluded_lines": []}}, "classes": {"": {"executed_lines": [1, 9], "summary": {"covered_lines": 1, "num_statements": 1, "percent_covered": 100.0, "percent_covered_display": "100", "missing_lines": 0, "excluded_lines": 0}, "missing_lines": [], "excluded_lines": []}}}, "src/eth_finetuning/dataset/__init__.py": {"executed_lines": [1], "summary": {"covered_lines": 0, "num_statements": 0, "percent_covered": 100.0, "percent_covered_display": "100", "missing_lines": 0, "excluded_lines": 0}, "missing_lines": [], "excluded_lines": [], "functions": {"": {"executed_lines": [1], "summary": {"covered_lines": 0, "num_statements": 0, "percent_covered": 100.0, "percent_covered_display": "100", "missing_lines": 0, "excluded_lines": 0}, "missing_lines": [], "excluded_lines": []}}, "classes": {"": {"executed_lines": [1], "summary": {"covered_lines": 0, "num_statements": 0, "percent_covered": 100.0, "percent_covered_display": "100", "missing_lines": 0, "excluded_lines": 0}, "missing_lines": [], "excluded_lines": []}}}, "src/eth_finetuning/dataset/intent_extraction.py": {"executed_lines": [1, 22, 23, 25, 28, 58, 61, 62, 63, 65, 66, 67, 70, 71, 74, 75, 76, 77, 78, 79, 81, 84, 99, 100, 106, 115, 130, 133, 134, 135, 141, 150, 166, 167, 170, 171, 173, 176, 183, 186, 193, 202, 216, 218, 219, 220, 222, 223, 224, 225, 226, 230, 232, 235], "summary": {"covered_lines": 53, "num_statements": 62, "percent_covered": 85.48387096774194, "percent_covered_display": "85", "missing_lines": 9, "excluded_lines": 0}, "missing_lines": [59, 101, 104, 138, 139, 178, 179, 188, 189], "excluded_lines": [], "functions": {"extract_intent": {"executed_lines": [58, 61, 62, 63, 65, 66, 67, 70, 71, 74, 75, 76, 77, 78, 79, 81], "summary": {"covered_lines": 16, "num_statements": 17, "percent_covered": 94.11764705882354, "percent_covered_display": "94", "missing_lines": 1, "excluded_lines": 0}, "missing_lines": [59], "excluded_lines": []}, "_extract_eth_intent": {"executed_lines": [99, 100, 106], "summary": {"covered_lines": 3, "num_statements": 5, "percent_covered": 60.0, "percent_covered_display": "60", "missing_lines": 2, "excluded_lines": 0}, "missing_lines": [101, 104], "excluded_lines": []}, "_extract_erc20_intent": {"executed_lines": [130, 133, 134, 135, 141], "summary": {"covered_lines": 5, "num_statements": 7, "percent_covered": 71.42857142857143, "percent_covered_display": "71", "missing_lines": 2, "excluded_lines": 0}, "missing_lines": [138, 139], "excluded_lines": []}, "_extract_uniswap_intent": {"executed_lines": [166, 167, 170, 171, 173, 176, 183, 186, 193], "summary": {"covered_lines": 9, "num_statements": 13, "percent_covered": 69.23076923076923, "percent_covered_display": "69", "missing_lines": 4, "excluded_lines": 0}, "missing_lines": [178, 179, 188, 189], "excluded_lines": []}, "extract_intents_batch": {"executed_lines": [216, 218, 219, 220, 222, 223, 224, 225, 226, 230, 232, 235], "summary": {"covered_lines": 12, "num_statements": 12, "percent_covered": 100.0, "percent_covered_display": "100", "missing_lines": 0, "excluded_lines": 0}, "missing_lines": [], "excluded_lines": []}, "": {"executed_lines": [1, 22, 23, 25, 28, 84, 115, 150, 202], "summary": {"covered_lines": 8, "num_statements": 8, "percent_covered": 100.0, "percent_covered_display": "100", "missing_lines": 0, "excluded_lines": 0}, "missing_lines": [], "excluded_lines": []}}, "classes": {"": {"executed_lines": [1, 22, 23, 25, 28, 58, 61, 62, 63, 65, 66, 67, 70, 71, 74, 75, 76, 77, 78, 79, 81, 84, 99, 100, 106, 115, 130, 133, 134, 135, 141, 150, 166, 167, 170, 171, 173, 176, 183, 186, 193, 202, 216, 218, 219, 220, 222, 223, 224, 225, 226, 230, 232, 235], "summary": {"covered_lines": 53, "num_statements": 62, "percent_covered": 85.48387096774194, "percent_covered_display": "85", "missing_lines": 9, "excluded_lines": 0}, "missing_lines": [59, 101, 104, 138, 139, 178, 179, 188, 189], "excluded_lines": []}}}, "src/eth_finetuning/dataset/preparation.py": {"executed_lines": [1, 18, 19, 20, 21, 23, 25, 26, 28, 31, 62, 63, 66, 67, 69, 72, 73, 75, 78, 79, 81, 85, 86, 88, 91, 92, 93, 96, 97, 99, 102, 105, 106, 107, 111, 115, 121, 122, 123, 124, 126, 128, 135, 160, 161, 165, 167, 168, 171, 172, 173, 175, 176, 180, 181, 187, 190, 192, 193, 194, 196, 199, 203, 205, 206, 207, 208, 209, 210, 211, 213, 214, 215, 216, 219, 223, 226, 227, 228, 229, 230, 231, 232, 233, 234, 235, 236, 237, 238, 240, 241, 242, 243, 246, 247, 250, 251, 257, 275, 278, 279, 280, 281, 282, 283, 285, 286, 287, 290, 291, 292, 293, 296, 298, 299, 300, 302, 307, 310, 323, 325, 326, 327, 329, 330, 331, 333, 336, 349, 350, 351, 352, 354], "summary": {"covered_lines": 132, "num_statements": 138, "percent_covered": 95.65217391304348, "percent_covered_display": "96", "missing_lines": 6, "excluded_lines": 0}, "missing_lines": [82, 100, 177, 195, 248, 252], "excluded_lines": [], "functions": {"prepare_dataset": {"executed_lines": [62, 63, 66, 67, 69, 72, 73, 75, 78, 79, 81, 85, 86, 88, 91, 92, 93, 96, 97, 99, 102, 105, 106, 107, 111, 115, 121, 122, 123, 124, 126, 128], "summary": {"covered_lines": 32, "num_statements": 34, "percent_covered": 94.11764705882354, "percent_covered_display": "94", "missing_lines": 2, "excluded_lines": 0}, "missing_lines": [82, 100], "excluded_lines": []}, "validate_data": {"executed_lines": [160, 161, 165, 167, 168, 171, 172, 173, 175, 176, 180, 181, 187, 190, 192, 193, 194, 196], "summary": {"covered_lines": 18, "num_statements": 20, "percent_covered": 90.0, "percent_covered_display": "90", "missing_lines": 2, "excluded_lines": 0}, "missing_lines": [177, 195], "excluded_lines": []}, "_validate_addresses": {"executed_lines": [203, 205, 206, 207, 208, 209, 210, 211, 213, 214, 215, 216], "summary": {"covered_lines": 12, "num_statements": 12, "percent_covered": 100.0, "percent_covered_display": "100", "missing_lines": 0, "excluded_lines": 0}, "missing_lines": [], "excluded_lines": []}, "_validate_amounts": {"executed_lines": [223, 226, 227, 228, 229, 230, 231, 232, 233, 234, 235, 236, 237, 238, 240, 241, 242, 243, 246, 247, 250, 251], "summary": {"covered_lines": 22, "num_statements": 24, "percent_covered": 91.66666666666667, "percent_covered_display": "92", "missing_lines": 2, "excluded_lines": 0}, "missing_lines": [248, 252], "excluded_lines": []}, "_stratified_split": {"executed_lines": [275, 278, 279, 280, 281, 282, 283, 285, 286, 287, 290, 291, 292, 293, 296, 298, 299, 300, 302, 307], "summary": {"covered_lines": 20, "num_statements": 20, "percent_covered": 100.0, "percent_covered_display": "100", "missing_lines": 0, "excluded_lines": 0}, "missing_lines": [], "excluded_lines": []}, "_random_split": {"executed_lines": [323, 325, 326, 327, 329, 330, 331, 333], "summary": {"covered_lines": 8, "num_statements": 8, "percent_covered": 100.0, "percent_covered_display": "100", "missing_lines": 0, "excluded_lines": 0}, "missing_lines": [], "excluded_lines": []}, "_export_jsonl": {"executed_lines": [349, 350, 351, 352, 354], "summary": {"covered_lines": 5, "num_statements": 5, "percent_covered": 100.0, "percent_covered_display": "100", "missing_lines": 0, "excluded_lines": 0}, "missing_lines": [], "excluded_lines": []}, "": {"executed_lines": [1, 18, 19, 20, 21, 23, 25, 26, 28, 31, 135, 199, 219, 257, 310, 336], "summary": {"covered_lines": 15, "num_statements": 15, "percent_covered": 100.0, "percent_covered_display": "100", "missing_lines": 0, "excluded_lines": 0}, "missing_lines": [], "excluded_lines": []}}, "classes": {"": {"executed_lines": [1, 18, 19, 20, 21, 23, 25, 26, 28, 31, 62, 63, 66, 67, 69, 72, 73, 75, 78, 79, 81, 85, 86, 88, 91, 92, 93, 96, 97, 99, 102, 105, 106, 107, 111, 115, 121, 122, 123, 124, 126, 128, 135, 160, 161, 165, 167, 168, 171, 172, 173, 175, 176, 180, 181, 187, 190, 192, 193, 194, 196, 199, 203, 205, 206, 207, 208, 209, 210, 211, 213, 214, 215, 216, 219, 223, 226, 227, 228, 229, 230, 231, 232, 233, 234, 235, 236, 237, 238, 240, 241, 242, 243, 246, 247, 250, 251, 257, 275, 278, 279, 280, 281, 282, 283, 285, 286, 287, 290, 291, 292, 293, 296, 298, 299, 300, 302, 307, 310, 323, 325, 326, 327, 329, 330, 331, 333, 336, 349, 350, 351, 352, 354], "summary": {"covered_lines": 132, "num_statements": 138, "percent_covered": 95.65217391304348, "percent_covered_display": "96", "missing_lines": 6, "excluded_lines": 0}, "missing_lines": [82, 100, 177, 195, 248, 252], "excluded_lines": []}}}, "src/eth_finetuning/dataset/templates.py": {"executed_lines": [1, 20, 21, 22, 24, 27, 33, 66, 68, 72, 73, 76, 79, 81, 88, 101, 104, 112, 113, 121, 122, 133, 134, 149, 159, 162, 176, 185, 188, 211, 212, 217, 219, 220, 221, 222, 227, 230, 233, 249, 250, 253, 255], "summary": {"covered_lines": 42, "num_statements": 48, "percent_covered": 87.5, "percent_covered_display": "88", "missing_lines": 6, "excluded_lines": 0}, "missing_lines": [67, 69, 150, 223, 224, 225], "excluded_lines": [], "functions": {"format_training_example": {"executed_lines": [66, 68, 72, 73, 76, 79, 81], "summary": {"covered_lines": 7, "num_statements": 9, "percent_covered": 77.77777777777777, "percent_covered_display": "78", "missing_lines": 2, "excluded_lines": 0}, "missing_lines": [67, 69], "excluded_lines": []}, "_format_transaction_input": {"executed_lines": [101, 104, 112, 113, 121, 122, 133, 134, 149, 159], "summary": {"covered_lines": 10, "num_statements": 11, "percent_covered": 90.9090909090909, "percent_covered_display": "91", "missing_lines": 1, "excluded_lines": 0}, "missing_lines": [150], "excluded_lines": []}, "_format_intent_output": {"executed_lines": [176, 185], "summary": {"covered_lines": 2, "num_statements": 2, "percent_covered": 100.0, "percent_covered_display": "100", "missing_lines": 0, "excluded_lines": 0}, "missing_lines": [], "excluded_lines": []}, "format_training_examples_batch": {"executed_lines": [211, 212, 217, 219, 220, 221, 222, 227, 230], "summary": {"covered_lines": 9, "num_statements": 12, "percent_covered": 75.0, "percent_covered_display": "75", "missing_lines": 3, "excluded_lines": 0}, "missing_lines": [223, 224, 225], "excluded_lines": []}, "format_inference_prompt": {"executed_lines": [249, 250, 253, 255], "summary": {"covered_lines": 4, "num_statements": 4, "percent_covered": 100.0, "percent_covered_display": "100", "missing_lines": 0, "excluded_lines": 0}, "missing_lines": [], "excluded_lines": []}, "": {"executed_lines": [1, 20, 21, 22, 24, 27, 33, 88, 162, 188, 233], "summary": {"covered_lines": 10, "num_statements": 10, "percent_covered": 100.0, "percent_covered_display": "100", "missing_lines": 0, "excluded_lines": 0}, "missing_lines": [], "excluded_lines": []}}, "classes": {"": {"executed_lines": [1, 20, 21, 22, 24, 27, 33, 66, 68, 72, 73, 76, 79, 81, 88, 101, 104, 112, 113, 121, 122, 133, 134, 149, 159, 162, 176, 185, 188, 211, 212, 217, 219, 220, 221, 222, 227, 230, 233, 249, 250, 253, 255], "summary": {"covered_lines": 42, "num_statements": 48, "percent_covered": 87.5, "percent_covered_display": "88", "missing_lines": 6, "excluded_lines": 0}, "missing_lines": [67, 69, 150, 223, 224, 225], "excluded_lines": []}}}, "src/eth_finetuning/evaluation/__init__.py": {"executed_lines": [], "summary": {"covered_lines": 0, "num_statements": 4, "percent_covered": 0.0, "percent_covered_display": "0", "missing_lines": 4, "excluded_lines": 0}, "missing_lines": [20, 21, 30, 32], "excluded_lines": [], "functions": {"": {"executed_lines": [], "summary": {"covered_lines": 0, "num_statements": 4, "percent_covered": 0.0, "percent_covered_display": "0", "missing_lines": 4, "excluded_lines": 0}, "missing_lines": [20, 21, 30, 32], "excluded_lines": []}}, "classes": {"": {"executed_lines": [], "summary": {"covered_lines": 0, "num_statements": 4, "percent_covered": 0.0, "percent_covered_display": "0", "missing_lines": 4, "excluded_lines": 0}, "missing_lines": [20, 21, 30, 32], "excluded_lines": []}}}, "src/eth_finetuning/evaluation/evaluator.py": {"executed_lines": [], "summary": {"covered_lines": 0, "num_statements": 140, "percent_covered": 0.0, "percent_covered_display": "0", "missing_lines": 140, "excluded_lines": 0}, "missing_lines": [18, 19, 20, 21, 23, 24, 25, 26, 27, 29, 31, 34, 62, 64, 65, 67, 69, 71, 72, 73, 74, 77, 78, 80, 88, 89, 91, 92, 93, 95, 96, 97, 105, 106, 108, 113, 121, 128, 130, 131, 133, 134, 135, 138, 165, 167, 175, 178, 189, 194, 197, 215, 216, 219, 222, 223, 225, 226, 228, 229, 230, 231, 232, 233, 236, 237, 240, 275, 276, 277, 280, 282, 284, 285, 286, 288, 291, 292, 300, 303, 304, 307, 312, 314, 315, 316, 317, 318, 320, 323, 371, 372, 373, 376, 377, 380, 381, 383, 384, 386, 387, 390, 391, 400, 401, 404, 405, 408, 409, 410, 413, 414, 415, 416, 417, 418, 419, 420, 421, 422, 423, 426, 427, 428, 430, 431, 432, 435, 436, 437, 446, 449, 450, 452, 453, 455, 462, 463, 464, 466], "excluded_lines": [], "functions": {"load_model_for_evaluation": {"executed_lines": [], "summary": {"covered_lines": 0, "num_statements": 31, "percent_covered": 0.0, "percent_covered_display": "0", "missing_lines": 31, "excluded_lines": 0}, "missing_lines": [62, 64, 65, 67, 69, 71, 72, 73, 74, 77, 78, 80, 88, 89, 91, 92, 93, 95, 96, 97, 105, 106, 108, 113, 121, 128, 130, 131, 133, 134, 135], "excluded_lines": []}, "run_inference": {"executed_lines": [], "summary": {"covered_lines": 0, "num_statements": 6, "percent_covered": 0.0, "percent_covered_display": "0", "missing_lines": 6, "excluded_lines": 0}, "missing_lines": [165, 167, 175, 178, 189, 194], "excluded_lines": []}, "parse_json_output": {"executed_lines": [], "summary": {"covered_lines": 0, "num_statements": 15, "percent_covered": 0.0, "percent_covered_display": "0", "missing_lines": 15, "excluded_lines": 0}, "missing_lines": [215, 216, 219, 222, 223, 225, 226, 228, 229, 230, 231, 232, 233, 236, 237], "excluded_lines": []}, "batch_inference": {"executed_lines": [], "summary": {"covered_lines": 0, "num_statements": 22, "percent_covered": 0.0, "percent_covered_display": "0", "missing_lines": 22, "excluded_lines": 0}, "missing_lines": [275, 276, 277, 280, 282, 284, 285, 286, 288, 291, 292, 300, 303, 304, 307, 312, 314, 315, 316, 317, 318, 320], "excluded_lines": []}, "evaluate_model": {"executed_lines": [], "summary": {"covered_lines": 0, "num_statements": 50, "percent_covered": 0.0, "percent_covered_display": "0", "missing_lines": 50, "excluded_lines": 0}, "missing_lines": [371, 372, 373, 376, 377, 380, 381, 383, 384, 386, 387, 390, 391, 400, 401, 404, 405, 408, 409, 410, 413, 414, 415, 416, 417, 418, 419, 420, 421, 422, 423, 426, 427, 428, 430, 431, 432, 435, 436, 437, 446, 449, 450, 452, 453, 455, 462, 463, 464, 466], "excluded_lines": []}, "": {"executed_lines": [], "summary": {"covered_lines": 0, "num_statements": 16, "percent_covered": 0.0, "percent_covered_display": "0", "missing_lines": 16, "excluded_lines": 0}, "missing_lines": [18, 19, 20, 21, 23, 24, 25, 26, 27, 29, 31, 34, 138, 197, 240, 323], "excluded_lines": []}}, "classes": {"": {"executed_lines": [], "summary": {"covered_lines": 0, "num_statements": 140, "percent_covered": 0.0, "percent_covered_display": "0", "missing_lines": 140, "excluded_lines": 0}, "missing_lines": [18, 19, 20, 21, 23, 24, 25, 26, 27, 29, 31, 34, 62, 64, 65, 67, 69, 71, 72, 73, 74, 77, 78, 80, 88, 89, 91, 92, 93, 95, 96, 97, 105, 106, 108, 113, 121, 128, 130, 131, 133, 134, 135, 138, 165, 167, 175, 178, 189, 194, 197, 215, 216, 219, 222, 223, 225, 226, 228, 229, 230, 231, 232, 233, 236, 237, 240, 275, 276, 277, 280, 282, 284, 285, 286, 288, 291, 292, 300, 303, 304, 307, 312, 314, 315, 316, 317, 318, 320, 323, 371, 372, 373, 376, 377, 380, 381, 383, 384, 386, 387, 390, 391, 400, 401, 404, 405, 408, 409, 410, 413, 414, 415, 416, 417, 418, 419, 420, 421, 422, 423, 426, 427, 428, 430, 431, 432, 435, 436, 437, 446, 449, 450, 452, 453, 455, 462, 463, 464, 466], "excluded_lines": []}}}, "src/eth_finetuning/evaluation/metrics.py": {"executed_lines": [], "summary": {"covered_lines": 0, "num_statements": 155, "percent_covered": 0.0, "percent_covered_display": "0", "missing_lines": 155, "excluded_lines": 0}, "missing_lines": [15, 16, 17, 19, 20, 22, 25, 52, 53, 58, 59, 61, 62, 64, 65, 67, 68, 70, 71, 74, 76, 77, 80, 81, 82, 84, 86, 88, 91, 118, 119, 124, 125, 127, 128, 130, 131, 133, 134, 136, 137, 139, 141, 143, 146, 171, 172, 177, 178, 180, 181, 183, 184, 186, 187, 189, 190, 192, 194, 196, 199, 222, 223, 224, 225, 226, 228, 229, 231, 232, 233, 234, 235, 236, 237, 238, 239, 241, 244, 267, 268, 274, 275, 278, 281, 283, 286, 324, 325, 330, 331, 341, 342, 344, 345, 347, 348, 351, 352, 353, 356, 359, 360, 363, 365, 377, 403, 404, 407, 409, 410, 411, 412, 413, 414, 417, 419, 420, 421, 423, 425, 433, 439, 441, 442, 443, 445, 450, 451, 452, 454, 455, 458, 460, 461, 463, 464, 465, 468, 470, 473, 475, 478, 480, 481, 482, 483, 484, 487, 489, 490, 492, 495, 496, 499], "excluded_lines": [], "functions": {"calculate_amount_accuracy": {"executed_lines": [], "summary": {"covered_lines": 0, "num_statements": 21, "percent_covered": 0.0, "percent_covered_display": "0", "missing_lines": 21, "excluded_lines": 0}, "missing_lines": [52, 53, 58, 59, 61, 62, 64, 65, 67, 68, 70, 71, 74, 76, 77, 80, 81, 82, 84, 86, 88], "excluded_lines": []}, "calculate_address_accuracy": {"executed_lines": [], "summary": {"covered_lines": 0, "num_statements": 15, "percent_covered": 0.0, "percent_covered_display": "0", "missing_lines": 15, "excluded_lines": 0}, "missing_lines": [118, 119, 124, 125, 127, 128, 130, 131, 133, 134, 136, 137, 139, 141, 143], "excluded_lines": []}, "calculate_protocol_accuracy": {"executed_lines": [], "summary": {"covered_lines": 0, "num_statements": 15, "percent_covered": 0.0, "percent_covered_display": "0", "missing_lines": 15, "excluded_lines": 0}, "missing_lines": [171, 172, 177, 178, 180, 181, 183, 184, 186, 187, 189, 190, 192, 194, 196], "excluded_lines": []}, "calculate_flesch_score": {"executed_lines": [], "summary": {"covered_lines": 0, "num_statements": 17, "percent_covered": 0.0, "percent_covered_display": "0", "missing_lines": 17, "excluded_lines": 0}, "missing_lines": [222, 223, 224, 225, 226, 228, 229, 231, 232, 233, 234, 235, 236, 237, 238, 239, 241], "excluded_lines": []}, "create_confusion_matrix": {"executed_lines": [], "summary": {"covered_lines": 0, "num_statements": 7, "percent_covered": 0.0, "percent_covered_display": "0", "missing_lines": 7, "excluded_lines": 0}, "missing_lines": [267, 268, 274, 275, 278, 281, 283], "excluded_lines": []}, "calculate_accuracy_metrics": {"executed_lines": [], "summary": {"covered_lines": 0, "num_statements": 18, "percent_covered": 0.0, "percent_covered_display": "0", "missing_lines": 18, "excluded_lines": 0}, "missing_lines": [324, 325, 330, 331, 341, 342, 344, 345, 347, 348, 351, 352, 353, 356, 359, 360, 363, 365], "excluded_lines": []}, "calculate_per_protocol_metrics": {"executed_lines": [], "summary": {"covered_lines": 0, "num_statements": 16, "percent_covered": 0.0, "percent_covered_display": "0", "missing_lines": 16, "excluded_lines": 0}, "missing_lines": [403, 404, 407, 409, 410, 411, 412, 413, 414, 417, 419, 420, 421, 423, 425, 433], "excluded_lines": []}, "_extract_amounts": {"executed_lines": [], "summary": {"covered_lines": 0, "num_statements": 9, "percent_covered": 0.0, "percent_covered_display": "0", "missing_lines": 9, "excluded_lines": 0}, "missing_lines": [441, 442, 443, 445, 450, 451, 452, 454, 455], "excluded_lines": []}, "_extract_addresses": {"executed_lines": [], "summary": {"covered_lines": 0, "num_statements": 5, "percent_covered": 0.0, "percent_covered_display": "0", "missing_lines": 5, "excluded_lines": 0}, "missing_lines": [460, 461, 463, 464, 465], "excluded_lines": []}, "_extract_protocols": {"executed_lines": [], "summary": {"covered_lines": 0, "num_statements": 1, "percent_covered": 0.0, "percent_covered_display": "0", "missing_lines": 1, "excluded_lines": 0}, "missing_lines": [470], "excluded_lines": []}, "_extract_protocol": {"executed_lines": [], "summary": {"covered_lines": 0, "num_statements": 1, "percent_covered": 0.0, "percent_covered_display": "0", "missing_lines": 1, "excluded_lines": 0}, "missing_lines": [475], "excluded_lines": []}, "_extract_descriptions": {"executed_lines": [], "summary": {"covered_lines": 0, "num_statements": 5, "percent_covered": 0.0, "percent_covered_display": "0", "missing_lines": 5, "excluded_lines": 0}, "missing_lines": [480, 481, 482, 483, 484], "excluded_lines": []}, "_normalize_address": {"executed_lines": [], "summary": {"covered_lines": 0, "num_statements": 6, "percent_covered": 0.0, "percent_covered_display": "0", "missing_lines": 6, "excluded_lines": 0}, "missing_lines": [489, 490, 492, 495, 496, 499], "excluded_lines": []}, "": {"executed_lines": [], "summary": {"covered_lines": 0, "num_statements": 19, "percent_covered": 0.0, "percent_covered_display": "0", "missing_lines": 19, "excluded_lines": 0}, "missing_lines": [15, 16, 17, 19, 20, 22, 25, 91, 146, 199, 244, 286, 377, 439, 458, 468, 473, 478, 487], "excluded_lines": []}}, "classes": {"": {"executed_lines": [], "summary": {"covered_lines": 0, "num_statements": 155, "percent_covered": 0.0, "percent_covered_display": "0", "missing_lines": 155, "excluded_lines": 0}, "missing_lines": [15, 16, 17, 19, 20, 22, 25, 52, 53, 58, 59, 61, 62, 64, 65, 67, 68, 70, 71, 74, 76, 77, 80, 81, 82, 84, 86, 88, 91, 118, 119, 124, 125, 127, 128, 130, 131, 133, 134, 136, 137, 139, 141, 143, 146, 171, 172, 177, 178, 180, 181, 183, 184, 186, 187, 189, 190, 192, 194, 196, 199, 222, 223, 224, 225, 226, 228, 229, 231, 232, 233, 234, 235, 236, 237, 238, 239, 241, 244, 267, 268, 274, 275, 278, 281, 283, 286, 324, 325, 330, 331, 341, 342, 344, 345, 347, 348, 351, 352, 353, 356, 359, 360, 363, 365, 377, 403, 404, 407, 409, 410, 411, 412, 413, 414, 417, 419, 420, 421, 423, 425, 433, 439, 441, 442, 443, 445, 450, 451, 452, 454, 455, 458, 460, 461, 463, 464, 465, 468, 470, 473, 475, 478, 480, 481, 482, 483, 484, 487, 489, 490, 492, 495, 496, 499], "excluded_lines": []}}}, "src/eth_finetuning/evaluation/report.py": {"executed_lines": [], "summary": {"covered_lines": 0, "num_statements": 209, "percent_covered": 0.0, "percent_covered_display": "0", "missing_lines": 209, "excluded_lines": 0}, "missing_lines": [14, 15, 16, 17, 19, 21, 24, 52, 53, 55, 57, 59, 60, 61, 64, 65, 66, 69, 70, 71, 74, 75, 76, 77, 80, 81, 82, 88, 91, 92, 93, 96, 97, 98, 101, 102, 104, 107, 109, 110, 111, 114, 115, 116, 119, 120, 121, 124, 125, 126, 129, 130, 131, 134, 135, 136, 137, 140, 141, 142, 143, 145, 148, 150, 152, 153, 154, 155, 156, 157, 159, 162, 163, 165, 169, 170, 174, 179, 180, 181, 183, 187, 192, 193, 195, 198, 199, 200, 201, 202, 204, 206, 209, 211, 212, 213, 215, 216, 217, 218, 219, 220, 222, 227, 230, 231, 237, 238, 240, 243, 247, 250, 255, 257, 258, 261, 262, 265, 266, 269, 270, 271, 272, 273, 275, 276, 278, 279, 282, 283, 284, 285, 286, 287, 289, 292, 299, 302, 303, 305, 306, 307, 310, 311, 313, 314, 316, 319, 320, 321, 322, 323, 324, 326, 327, 330, 331, 332, 333, 334, 335, 336, 338, 339, 341, 344, 346, 348, 349, 350, 351, 352, 354, 357, 358, 359, 360, 361, 362, 363, 364, 365, 366, 368, 369, 370, 371, 372, 375, 376, 377, 378, 379, 381, 382, 383, 384, 385, 387, 388, 389, 390, 391, 393, 394, 395, 396, 397, 399], "excluded_lines": [], "functions": {"generate_markdown_report": {"executed_lines": [], "summary": {"covered_lines": 0, "num_statements": 30, "percent_covered": 0.0, "percent_covered_display": "0", "missing_lines": 30, "excluded_lines": 0}, "missing_lines": [52, 53, 55, 57, 59, 60, 61, 64, 65, 66, 69, 70, 71, 74, 75, 76, 77, 80, 81, 82, 88, 91, 92, 93, 96, 97, 98, 101, 102, 104], "excluded_lines": []}, "_format_summary_table": {"executed_lines": [], "summary": {"covered_lines": 0, "num_statements": 24, "percent_covered": 0.0, "percent_covered_display": "0", "missing_lines": 24, "excluded_lines": 0}, "missing_lines": [109, 110, 111, 114, 115, 116, 119, 120, 121, 124, 125, 126, 129, 130, 131, 134, 135, 136, 137, 140, 141, 142, 143, 145], "excluded_lines": []}, "_format_success_criteria": {"executed_lines": [], "summary": {"covered_lines": 0, "num_statements": 29, "percent_covered": 0.0, "percent_covered_display": "0", "missing_lines": 29, "excluded_lines": 0}, "missing_lines": [150, 152, 153, 154, 155, 156, 157, 159, 162, 163, 165, 169, 170, 174, 179, 180, 181, 183, 187, 192, 193, 195, 198, 199, 200, 201, 202, 204, 206], "excluded_lines": []}, "_format_per_protocol_table": {"executed_lines": [], "summary": {"covered_lines": 0, "num_statements": 18, "percent_covered": 0.0, "percent_covered_display": "0", "missing_lines": 18, "excluded_lines": 0}, "missing_lines": [211, 212, 213, 215, 216, 217, 218, 219, 220, 222, 227, 230, 231, 237, 238, 240, 243, 247], "excluded_lines": []}, "_format_confusion_matrix": {"executed_lines": [], "summary": {"covered_lines": 0, "num_statements": 23, "percent_covered": 0.0, "percent_covered_display": "0", "missing_lines": 23, "excluded_lines": 0}, "missing_lines": [255, 257, 258, 261, 262, 265, 266, 269, 270, 271, 272, 273, 275, 276, 278, 279, 282, 283, 284, 285, 286, 287, 289], "excluded_lines": []}, "_format_sample_predictions": {"executed_lines": [], "summary": {"covered_lines": 0, "num_statements": 29, "percent_covered": 0.0, "percent_covered_display": "0", "missing_lines": 29, "excluded_lines": 0}, "missing_lines": [299, 302, 303, 305, 306, 307, 310, 311, 313, 314, 316, 319, 320, 321, 322, 323, 324, 326, 327, 330, 331, 332, 333, 334, 335, 336, 338, 339, 341], "excluded_lines": []}, "_format_recommendations": {"executed_lines": [], "summary": {"covered_lines": 0, "num_statements": 43, "percent_covered": 0.0, "percent_covered_display": "0", "missing_lines": 43, "excluded_lines": 0}, "missing_lines": [346, 348, 349, 350, 351, 352, 354, 357, 358, 359, 360, 361, 362, 363, 364, 365, 366, 368, 369, 370, 371, 372, 375, 376, 377, 378, 379, 381, 382, 383, 384, 385, 387, 388, 389, 390, 391, 393, 394, 395, 396, 397, 399], "excluded_lines": []}, "": {"executed_lines": [], "summary": {"covered_lines": 0, "num_statements": 13, "percent_covered": 0.0, "percent_covered_display": "0", "missing_lines": 13, "excluded_lines": 0}, "missing_lines": [14, 15, 16, 17, 19, 21, 24, 107, 148, 209, 250, 292, 344], "excluded_lines": []}}, "classes": {"": {"executed_lines": [], "summary": {"covered_lines": 0, "num_statements": 209, "percent_covered": 0.0, "percent_covered_display": "0", "missing_lines": 209, "excluded_lines": 0}, "missing_lines": [14, 15, 16, 17, 19, 21, 24, 52, 53, 55, 57, 59, 60, 61, 64, 65, 66, 69, 70, 71, 74, 75, 76, 77, 80, 81, 82, 88, 91, 92, 93, 96, 97, 98, 101, 102, 104, 107, 109, 110, 111, 114, 115, 116, 119, 120, 121, 124, 125, 126, 129, 130, 131, 134, 135, 136, 137, 140, 141, 142, 143, 145, 148, 150, 152, 153, 154, 155, 156, 157, 159, 162, 163, 165, 169, 170, 174, 179, 180, 181, 183, 187, 192, 193, 195, 198, 199, 200, 201, 202, 204, 206, 209, 211, 212, 213, 215, 216, 217, 218, 219, 220, 222, 227, 230, 231, 237, 238, 240, 243, 247, 250, 255, 257, 258, 261, 262, 265, 266, 269, 270, 271, 272, 273, 275, 276, 278, 279, 282, 283, 284, 285, 286, 287, 289, 292, 299, 302, 303, 305, 306, 307, 310, 311, 313, 314, 316, 319, 320, 321, 322, 323, 324, 326, 327, 330, 331, 332, 333, 334, 335, 336, 338, 339, 341, 344, 346, 348, 349, 350, 351, 352, 354, 357, 358, 359, 360, 361, 362, 363, 364, 365, 366, 368, 369, 370, 371, 372, 375, 376, 377, 378, 379, 381, 382, 383, 384, 385, 387, 388, 389, 390, 391, 393, 394, 395, 396, 397, 399], "excluded_lines": []}}}, "src/eth_finetuning/extraction/__init__.py": {"executed_lines": [1], "summary": {"covered_lines": 0, "num_statements": 0, "percent_covered": 100.0, "percent_covered_display": "100", "missing_lines": 0, "excluded_lines": 0}, "missing_lines": [], "excluded_lines": [], "functions": {"": {"executed_lines": [1], "summary": {"covered_lines": 0, "num_statements": 0, "percent_covered": 100.0, "percent_covered_display": "100", "missing_lines": 0, "excluded_lines": 0}, "missing_lines": [], "excluded_lines": []}}, "classes": {"": {"executed_lines": [1], "summary": {"covered_lines": 0, "num_statements": 0, "percent_covered": 100.0, "percent_covered_display": "100", "missing_lines": 0, "excluded_lines": 0}, "missing_lines": [], "excluded_lines": []}}}, "src/eth_finetuning/extraction/core/__init__.py": {"executed_lines": [1], "summary": {"covered_lines": 0, "num_statements": 0, "percent_covered": 100.0, "percent_covered_display": "100", "missing_lines": 0, "excluded_lines": 0}, "missing_lines": [], "excluded_lines": [], "functions": {"": {"executed_lines": [1], "summary": {"covered_lines": 0, "num_statements": 0, "percent_covered": 100.0, "percent_covered_display": "100", "missing_lines": 0, "excluded_lines": 0}, "missing_lines": [], "excluded_lines": []}}, "classes": {"": {"executed_lines": [1], "summary": {"covered_lines": 0, "num_statements": 0, "percent_covered": 100.0, "percent_covered_display": "100", "missing_lines": 0, "excluded_lines": 0}, "missing_lines": [], "excluded_lines": []}}}, "src/eth_finetuning/extraction/core/fetcher.py": {"executed_lines": [1, 8, 9, 10, 11, 12, 14, 16, 19, 32, 35, 36, 37, 38, 41, 42, 45, 48, 49, 53, 55, 57, 58, 63, 64, 67, 111], "summary": {"covered_lines": 26, "num_statements": 55, "percent_covered": 47.27272727272727, "percent_covered_display": "47", "missing_lines": 29, "excluded_lines": 0}, "missing_lines": [33, 59, 60, 61, 80, 82, 83, 86, 103, 104, 106, 107, 108, 131, 132, 135, 136, 137, 143, 144, 149, 150, 151, 152, 154, 157, 158, 160, 164], "excluded_lines": [], "functions": {"load_transaction_hashes": {"executed_lines": [32, 35, 36, 37, 38, 41, 42, 45, 48, 49, 53, 55, 57, 58, 63, 64], "summary": {"covered_lines": 16, "num_statements": 20, "percent_covered": 80.0, "percent_covered_display": "80", "missing_lines": 4, "excluded_lines": 0}, "missing_lines": [33, 59, 60, 61], "excluded_lines": []}, "fetch_transaction_data": {"executed_lines": [], "summary": {"covered_lines": 0, "num_statements": 9, "percent_covered": 0.0, "percent_covered_display": "0", "missing_lines": 9, "excluded_lines": 0}, "missing_lines": [80, 82, 83, 86, 103, 104, 106, 107, 108], "excluded_lines": []}, "fetch_transactions_batch": {"executed_lines": [], "summary": {"covered_lines": 0, "num_statements": 16, "percent_covered": 0.0, "percent_covered_display": "0", "missing_lines": 16, "excluded_lines": 0}, "missing_lines": [131, 132, 135, 136, 137, 143, 144, 149, 150, 151, 152, 154, 157, 158, 160, 164], "excluded_lines": []}, "": {"executed_lines": [1, 8, 9, 10, 11, 12, 14, 16, 19, 67, 111], "summary": {"covered_lines": 10, "num_statements": 10, "percent_covered": 100.0, "percent_covered_display": "100", "missing_lines": 0, "excluded_lines": 0}, "missing_lines": [], "excluded_lines": []}}, "classes": {"": {"executed_lines": [1, 8, 9, 10, 11, 12, 14, 16, 19, 32, 35, 36, 37, 38, 41, 42, 45, 48, 49, 53, 55, 57, 58, 63, 64, 67, 111], "summary": {"covered_lines": 26, "num_statements": 55, "percent_covered": 47.27272727272727, "percent_covered_display": "47", "missing_lines": 29, "excluded_lines": 0}, "missing_lines": [33, 59, 60, 61, 80, 82, 83, 86, 103, 104, 106, 107, 108, 131, 132, 135, 136, 137, 143, 144, 149, 150, 151, 152, 154, 157, 158, 160, 164], "excluded_lines": []}}}, "src/eth_finetuning/extraction/core/utils.py": {"executed_lines": [1, 10, 11, 12, 13, 14, 16, 17, 18, 21, 24, 27, 28, 35, 54, 55, 60, 61, 62, 63, 66, 69, 72, 74, 94, 96, 97, 98, 100, 106, 108, 110, 111, 115, 117, 122, 123, 126, 151, 176, 195, 196, 202, 222, 223, 278, 279, 298, 321, 322, 325, 326, 328, 330, 331, 336, 337, 338, 340, 341, 348], "summary": {"covered_lines": 59, "num_statements": 84, "percent_covered": 70.23809523809524, "percent_covered_display": "70", "missing_lines": 25, "excluded_lines": 0}, "missing_lines": [70, 124, 141, 142, 144, 146, 149, 166, 167, 169, 171, 174, 189, 191, 193, 229, 281, 343, 344, 345, 356, 357, 359, 366, 367], "excluded_lines": [], "functions": {"Web3ConnectionManager.__init__": {"executed_lines": [54, 55, 60, 61, 62, 63, 66, 69, 72], "summary": {"covered_lines": 9, "num_statements": 10, "percent_covered": 90.0, "percent_covered_display": "90", "missing_lines": 1, "excluded_lines": 0}, "missing_lines": [70], "excluded_lines": []}, "Web3ConnectionManager.retry_with_backoff": {"executed_lines": [94, 96, 97, 98, 100, 106, 108, 110, 111, 115, 117, 122, 123], "summary": {"covered_lines": 13, "num_statements": 14, "percent_covered": 92.85714285714286, "percent_covered_display": "93", "missing_lines": 1, "excluded_lines": 0}, "missing_lines": [124], "excluded_lines": []}, "Web3ConnectionManager.get_transaction": {"executed_lines": [], "summary": {"covered_lines": 0, "num_statements": 5, "percent_covered": 0.0, "percent_covered_display": "0", "missing_lines": 5, "excluded_lines": 0}, "missing_lines": [141, 142, 144, 146, 149], "excluded_lines": []}, "Web3ConnectionManager.get_transaction_receipt": {"executed_lines": [], "summary": {"covered_lines": 0, "num_statements": 5, "percent_covered": 0.0, "percent_covered_display": "0", "missing_lines": 5, "excluded_lines": 0}, "missing_lines": [166, 167, 169, 171, 174], "excluded_lines": []}, "Web3ConnectionManager.get_block": {"executed_lines": [], "summary": {"covered_lines": 0, "num_statements": 3, "percent_covered": 0.0, "percent_covered_display": "0", "missing_lines": 3, "excluded_lines": 0}, "missing_lines": [189, 191, 193], "excluded_lines": []}, "Web3ConnectionManager._serialize_transaction": {"executed_lines": [202], "summary": {"covered_lines": 1, "num_statements": 1, "percent_covered": 100.0, "percent_covered_display": "100", "missing_lines": 0, "excluded_lines": 0}, "missing_lines": [], "excluded_lines": []}, "Web3ConnectionManager._serialize_receipt": {"executed_lines": [], "summary": {"covered_lines": 0, "num_statements": 1, "percent_covered": 0.0, "percent_covered_display": "0", "missing_lines": 1, "excluded_lines": 0}, "missing_lines": [229], "excluded_lines": []}, "Web3ConnectionManager._serialize_block": {"executed_lines": [], "summary": {"covered_lines": 0, "num_statements": 1, "percent_covered": 0.0, "percent_covered_display": "0", "missing_lines": 1, "excluded_lines": 0}, "missing_lines": [281], "excluded_lines": []}, "load_abi": {"executed_lines": [321, 322, 325, 326, 328, 330, 331, 336, 337, 338, 340, 341], "summary": {"covered_lines": 12, "num_statements": 15, "percent_covered": 80.0, "percent_covered_display": "80", "missing_lines": 3, "excluded_lines": 0}, "missing_lines": [343, 344, 345], "excluded_lines": []}, "setup_logging": {"executed_lines": [], "summary": {"covered_lines": 0, "num_statements": 5, "percent_covered": 0.0, "percent_covered_display": "0", "missing_lines": 5, "excluded_lines": 0}, "missing_lines": [356, 357, 359, 366, 367], "excluded_lines": []}, "": {"executed_lines": [1, 10, 11, 12, 13, 14, 16, 17, 18, 21, 24, 27, 28, 35, 74, 126, 151, 176, 195, 196, 222, 223, 278, 279, 298, 348], "summary": {"covered_lines": 24, "num_statements": 24, "percent_covered": 100.0, "percent_covered_display": "100", "missing_lines": 0, "excluded_lines": 0}, "missing_lines": [], "excluded_lines": []}}, "classes": {"Web3ConnectionManager": {"executed_lines": [54, 55, 60, 61, 62, 63, 66, 69, 72, 94, 96, 97, 98, 100, 106, 108, 110, 111, 115, 117, 122, 123, 202], "summary": {"covered_lines": 23, "num_statements": 40, "percent_covered": 57.5, "percent_covered_display": "58", "missing_lines": 17, "excluded_lines": 0}, "missing_lines": [70, 124, 141, 142, 144, 146, 149, 166, 167, 169, 171, 174, 189, 191, 193, 229, 281], "excluded_lines": []}, "": {"executed_lines": [1, 10, 11, 12, 13, 14, 16, 17, 18, 21, 24, 27, 28, 35, 74, 126, 151, 176, 195, 196, 222, 223, 278, 279, 298, 321, 322, 325, 326, 328, 330, 331, 336, 337, 338, 340, 341, 348], "summary": {"covered_lines": 36, "num_statements": 44, "percent_covered": 81.81818181818181, "percent_covered_display": "82", "missing_lines": 8, "excluded_lines": 0}, "missing_lines": [343, 344, 345, 356, 357, 359, 366, 367], "excluded_lines": []}}}, "src/eth_finetuning/extraction/decoders/__init__.py": {"executed_lines": [1], "summary": {"covered_lines": 0, "num_statements": 0, "percent_covered": 100.0, "percent_covered_display": "100", "missing_lines": 0, "excluded_lines": 0}, "missing_lines": [], "excluded_lines": [], "functions": {"": {"executed_lines": [1], "summary": {"covered_lines": 0, "num_statements": 0, "percent_covered": 100.0, "percent_covered_display": "100", "missing_lines": 0, "excluded_lines": 0}, "missing_lines": [], "excluded_lines": []}}, "classes": {"": {"executed_lines": [1], "summary": {"covered_lines": 0, "num_statements": 0, "percent_covered": 100.0, "percent_covered_display": "100", "missing_lines": 0, "excluded_lines": 0}, "missing_lines": [], "excluded_lines": []}}}, "src/eth_finetuning/extraction/decoders/erc20.py": {"executed_lines": [1, 13, 14, 16, 17, 19, 21, 24, 29, 66, 67, 68, 69, 72, 73, 76, 77, 82, 84, 86, 87, 88, 90, 94, 101, 104, 109, 110, 115, 118, 121, 126, 127, 128, 131, 145, 147, 159, 160, 165, 168, 192, 194, 199, 200, 201, 202, 203, 206, 207, 208, 209, 210, 212, 214, 215, 216, 219, 237, 239, 240, 243, 244, 245, 247, 249, 254], "summary": {"covered_lines": 66, "num_statements": 76, "percent_covered": 86.84210526315789, "percent_covered_display": "87", "missing_lines": 10, "excluded_lines": 0}, "missing_lines": [78, 79, 80, 95, 98, 111, 112, 152, 153, 157], "excluded_lines": [], "functions": {"decode_erc20_transfers": {"executed_lines": [66, 67, 68, 69, 72, 73, 76, 77, 82, 84, 86, 87, 88, 90, 94, 101, 104, 109, 110, 115, 118, 121, 126, 127, 128, 131, 145, 147, 159, 160, 165], "summary": {"covered_lines": 31, "num_statements": 41, "percent_covered": 75.60975609756098, "percent_covered_display": "76", "missing_lines": 10, "excluded_lines": 0}, "missing_lines": [78, 79, 80, 95, 98, 111, 112, 152, 153, 157], "excluded_lines": []}, "_get_token_metadata": {"executed_lines": [192, 194, 199, 200, 201, 202, 203, 206, 207, 208, 209, 210, 212, 214, 215, 216], "summary": {"covered_lines": 16, "num_statements": 16, "percent_covered": 100.0, "percent_covered_display": "100", "missing_lines": 0, "excluded_lines": 0}, "missing_lines": [], "excluded_lines": []}, "decode_erc20_transfers_batch": {"executed_lines": [237, 239, 240, 243, 244, 245, 247, 249, 254], "summary": {"covered_lines": 9, "num_statements": 9, "percent_covered": 100.0, "percent_covered_display": "100", "missing_lines": 0, "excluded_lines": 0}, "missing_lines": [], "excluded_lines": []}, "": {"executed_lines": [1, 13, 14, 16, 17, 19, 21, 24, 29, 168, 219], "summary": {"covered_lines": 10, "num_statements": 10, "percent_covered": 100.0, "percent_covered_display": "100", "missing_lines": 0, "excluded_lines": 0}, "missing_lines": [], "excluded_lines": []}}, "classes": {"": {"executed_lines": [1, 13, 14, 16, 17, 19, 21, 24, 29, 66, 67, 68, 69, 72, 73, 76, 77, 82, 84, 86, 87, 88, 90, 94, 101, 104, 109, 110, 115, 118, 121, 126, 127, 128, 131, 145, 147, 159, 160, 165, 168, 192, 194, 199, 200, 201, 202, 203, 206, 207, 208, 209, 210, 212, 214, 215, 216, 219, 237, 239, 240, 243, 244, 245, 247, 249, 254], "summary": {"covered_lines": 66, "num_statements": 76, "percent_covered": 86.84210526315789, "percent_covered_display": "87", "missing_lines": 10, "excluded_lines": 0}, "missing_lines": [78, 79, 80, 95, 98, 111, 112, 152, 153, 157], "excluded_lines": []}}}, "src/eth_finetuning/extraction/decoders/eth.py": {"executed_lines": [1, 13, 14, 16, 18, 21, 55, 56, 57, 61, 64, 65, 66, 70, 73, 74, 81, 82, 83, 91, 94, 97, 98, 101, 104, 115, 120, 123, 139, 141, 142, 143, 145, 146, 147, 149, 154], "summary": {"covered_lines": 36, "num_statements": 41, "percent_covered": 87.8048780487805, "percent_covered_display": "88", "missing_lines": 5, "excluded_lines": 0}, "missing_lines": [75, 78, 84, 85, 88], "excluded_lines": [], "functions": {"decode_eth_transfer": {"executed_lines": [55, 56, 57, 61, 64, 65, 66, 70, 73, 74, 81, 82, 83, 91, 94, 97, 98, 101, 104, 115, 120], "summary": {"covered_lines": 21, "num_statements": 26, "percent_covered": 80.76923076923077, "percent_covered_display": "81", "missing_lines": 5, "excluded_lines": 0}, "missing_lines": [75, 78, 84, 85, 88], "excluded_lines": []}, "decode_eth_transfers_batch": {"executed_lines": [139, 141, 142, 143, 145, 146, 147, 149, 154], "summary": {"covered_lines": 9, "num_statements": 9, "percent_covered": 100.0, "percent_covered_display": "100", "missing_lines": 0, "excluded_lines": 0}, "missing_lines": [], "excluded_lines": []}, "": {"executed_lines": [1, 13, 14, 16, 18, 21, 123], "summary": {"covered_lines": 6, "num_statements": 6, "percent_covered": 100.0, "percent_covered_display": "100", "missing_lines": 0, "excluded_lines": 0}, "missing_lines": [], "excluded_lines": []}}, "classes": {"": {"executed_lines": [1, 13, 14, 16, 18, 21, 55, 56, 57, 61, 64, 65, 66, 70, 73, 74, 81, 82, 83, 91, 94, 97, 98, 101, 104, 115, 120, 123, 139, 141, 142, 143, 145, 146, 147, 149, 154], "summary": {"covered_lines": 36, "num_statements": 41, "percent_covered": 87.8048780487805, "percent_covered_display": "88", "missing_lines": 5, "excluded_lines": 0}, "missing_lines": [75, 78, 84, 85, 88], "excluded_lines": []}}}, "src/eth_finetuning/extraction/decoders/uniswap/__init__.py": {"executed_lines": [1, 7, 8, 10], "summary": {"covered_lines": 3, "num_statements": 3, "percent_covered": 100.0, "percent_covered_display": "100", "missing_lines": 0, "excluded_lines": 0}, "missing_lines": [], "excluded_lines": [], "functions": {"": {"executed_lines": [1, 7, 8, 10], "summary": {"covered_lines": 3, "num_statements": 3, "percent_covered": 100.0, "percent_covered_display": "100", "missing_lines": 0, "excluded_lines": 0}, "missing_lines": [], "excluded_lines": []}}, "classes": {"": {"executed_lines": [1, 7, 8, 10], "summary": {"covered_lines": 3, "num_statements": 3, "percent_covered": 100.0, "percent_covered_display": "100", "missing_lines": 0, "excluded_lines": 0}, "missing_lines": [], "excluded_lines": []}}}, "src/eth_finetuning/extraction/decoders/uniswap/v2.py": {"executed_lines": [1, 13, 14, 16, 17, 18, 20, 22, 25, 30, 45, 46, 49, 50, 54, 55, 59, 65, 79, 80, 83, 84, 85, 91, 147, 148, 153, 154, 157, 158, 159, 164, 166, 168, 169, 170, 172, 176, 183, 184, 187, 188, 193, 194, 199, 202, 208, 209, 210, 211, 214, 215, 222, 223, 224, 225, 226, 229, 232, 239, 241, 242, 243, 244, 245, 246, 247, 248, 276, 277, 278, 280, 281, 282, 284, 310, 311, 325], "summary": {"covered_lines": 77, "num_statements": 129, "percent_covered": 59.689922480620154, "percent_covered_display": "60", "missing_lines": 52, "excluded_lines": 0}, "missing_lines": [51, 52, 56, 57, 60, 61, 62, 86, 87, 88, 149, 150, 160, 161, 162, 177, 180, 189, 190, 195, 196, 203, 206, 216, 218, 219, 249, 251, 252, 253, 254, 255, 256, 257, 258, 261, 266, 267, 268, 269, 270, 271, 272, 273, 316, 317, 318, 319, 320, 321, 322, 323], "excluded_lines": [], "functions": {"_get_token_metadata": {"executed_lines": [45, 46, 49, 50, 54, 55, 59], "summary": {"covered_lines": 7, "num_statements": 14, "percent_covered": 50.0, "percent_covered_display": "50", "missing_lines": 7, "excluded_lines": 0}, "missing_lines": [51, 52, 56, 57, 60, 61, 62], "excluded_lines": []}, "_get_pool_tokens": {"executed_lines": [79, 80, 83, 84, 85], "summary": {"covered_lines": 5, "num_statements": 8, "percent_covered": 62.5, "percent_covered_display": "62", "missing_lines": 3, "excluded_lines": 0}, "missing_lines": [86, 87, 88], "excluded_lines": []}, "decode_uniswap_v2_swaps": {"executed_lines": [147, 148, 153, 154, 157, 158, 159, 164, 166, 168, 169, 170, 172, 176, 183, 184, 187, 188, 193, 194, 199, 202, 208, 209, 210, 211, 214, 215, 222, 223, 224, 225, 226, 229, 232, 239, 241, 242, 243, 244, 245, 246, 247, 248, 276, 277, 278, 280, 281, 282, 284, 310, 311, 325], "summary": {"covered_lines": 54, "num_statements": 96, "percent_covered": 56.25, "percent_covered_display": "56", "missing_lines": 42, "excluded_lines": 0}, "missing_lines": [149, 150, 160, 161, 162, 177, 180, 189, 190, 195, 196, 203, 206, 216, 218, 219, 249, 251, 252, 253, 254, 255, 256, 257, 258, 261, 266, 267, 268, 269, 270, 271, 272, 273, 316, 317, 318, 319, 320, 321, 322, 323], "excluded_lines": []}, "": {"executed_lines": [1, 13, 14, 16, 17, 18, 20, 22, 25, 30, 65, 91], "summary": {"covered_lines": 11, "num_statements": 11, "percent_covered": 100.0, "percent_covered_display": "100", "missing_lines": 0, "excluded_lines": 0}, "missing_lines": [], "excluded_lines": []}}, "classes": {"": {"executed_lines": [1, 13, 14, 16, 17, 18, 20, 22, 25, 30, 45, 46, 49, 50, 54, 55, 59, 65, 79, 80, 83, 84, 85, 91, 147, 148, 153, 154, 157, 158, 159, 164, 166, 168, 169, 170, 172, 176, 183, 184, 187, 188, 193, 194, 199, 202, 208, 209, 210, 211, 214, 215, 222, 223, 224, 225, 226, 229, 232, 239, 241, 242, 243, 244, 245, 246, 247, 248, 276, 277, 278, 280, 281, 282, 284, 310, 311, 325], "summary": {"covered_lines": 77, "num_statements": 129, "percent_covered": 59.689922480620154, "percent_covered_display": "60", "missing_lines": 52, "excluded_lines": 0}, "missing_lines": [51, 52, 56, 57, 60, 61, 62, 86, 87, 88, 149, 150, 160, 161, 162, 177, 180, 189, 190, 195, 196, 203, 206, 216, 218, 219, 249, 251, 252, 253, 254, 255, 256, 257, 258, 261, 266, 267, 268, 269, 270, 271, 272, 273, 316, 317, 318, 319, 320, 321, 322, 323], "excluded_lines": []}}}, "src/eth_finetuning/extraction/decoders/uniswap/v3.py": {"executed_lines": [1, 13, 14, 16, 17, 18, 20, 22, 25, 30, 45, 46, 49, 50, 54, 55, 59, 65, 79, 80, 83, 84, 85, 91, 150, 151, 152, 153, 156, 157, 160, 161, 162, 167, 169, 171, 172, 175, 179, 186, 187, 190, 191, 196, 197, 202, 210, 217, 219, 221, 222, 223, 225, 226, 227, 228, 231, 232, 234, 238, 239, 246, 247, 248, 249, 250, 253, 256, 262, 264, 265, 266, 267, 268, 269, 270, 271, 299, 300, 301, 303, 304, 305, 307, 334, 335, 349], "summary": {"covered_lines": 86, "num_statements": 138, "percent_covered": 62.31884057971015, "percent_covered_display": "62", "missing_lines": 52, "excluded_lines": 0}, "missing_lines": [51, 52, 56, 57, 60, 61, 62, 86, 87, 88, 163, 164, 165, 173, 180, 183, 192, 193, 198, 199, 211, 214, 235, 240, 242, 243, 272, 274, 275, 276, 277, 278, 279, 280, 281, 284, 289, 290, 291, 292, 293, 294, 295, 296, 340, 341, 342, 343, 344, 345, 346, 347], "excluded_lines": [], "functions": {"_get_token_metadata": {"executed_lines": [45, 46, 49, 50, 54, 55, 59], "summary": {"covered_lines": 7, "num_statements": 14, "percent_covered": 50.0, "percent_covered_display": "50", "missing_lines": 7, "excluded_lines": 0}, "missing_lines": [51, 52, 56, 57, 60, 61, 62], "excluded_lines": []}, "_get_pool_tokens": {"executed_lines": [79, 80, 83, 84, 85], "summary": {"covered_lines": 5, "num_statements": 8, "percent_covered": 62.5, "percent_covered_display": "62", "missing_lines": 3, "excluded_lines": 0}, "missing_lines": [86, 87, 88], "excluded_lines": []}, "decode_uniswap_v3_swaps": {"executed_lines": [150, 151, 152, 153, 156, 157, 160, 161, 162, 167, 169, 171, 172, 175, 179, 186, 187, 190, 191, 196, 197, 202, 210, 217, 225, 226, 227, 228, 231, 232, 234, 238, 239, 246, 247, 248, 249, 250, 253, 256, 262, 264, 265, 266, 267, 268, 269, 270, 271, 299, 300, 301, 303, 304, 305, 307, 334, 335, 349], "summary": {"covered_lines": 59, "num_statements": 101, "percent_covered": 58.415841584158414, "percent_covered_display": "58", "missing_lines": 42, "excluded_lines": 0}, "missing_lines": [163, 164, 165, 173, 180, 183, 192, 193, 198, 199, 211, 214, 235, 240, 242, 243, 272, 274, 275, 276, 277, 278, 279, 280, 281, 284, 289, 290, 291, 292, 293, 294, 295, 296, 340, 341, 342, 343, 344, 345, 346, 347], "excluded_lines": []}, "decode_uniswap_v3_swaps.decode_int256": {"executed_lines": [219, 221, 222, 223], "summary": {"covered_lines": 4, "num_statements": 4, "percent_covered": 100.0, "percent_covered_display": "100", "missing_lines": 0, "excluded_lines": 0}, "missing_lines": [], "excluded_lines": []}, "": {"executed_lines": [1, 13, 14, 16, 17, 18, 20, 22, 25, 30, 65, 91], "summary": {"covered_lines": 11, "num_statements": 11, "percent_covered": 100.0, "percent_covered_display": "100", "missing_lines": 0, "excluded_lines": 0}, "missing_lines": [], "excluded_lines": []}}, "classes": {"": {"executed_lines": [1, 13, 14, 16, 17, 18, 20, 22, 25, 30, 45, 46, 49, 50, 54, 55, 59, 65, 79, 80, 83, 84, 85, 91, 150, 151, 152, 153, 156, 157, 160, 161, 162, 167, 169, 171, 172, 175, 179, 186, 187, 190, 191, 196, 197, 202, 210, 217, 219, 221, 222, 223, 225, 226, 227, 228, 231, 232, 234, 238, 239, 246, 247, 248, 249, 250, 253, 256, 262, 264, 265, 266, 267, 268, 269, 270, 271, 299, 300, 301, 303, 304, 305, 307, 334, 335, 349], "summary": {"covered_lines": 86, "num_statements": 138, "percent_covered": 62.31884057971015, "percent_covered_display": "62", "missing_lines": 52, "excluded_lines": 0}, "missing_lines": [51, 52, 56, 57, 60, 61, 62, 86, 87, 88, 163, 164, 165, 173, 180, 183, 192, 193, 198, 199, 211, 214, 235, 240, 242, 243, 272, 274, 275, 276, 277, 278, 279, 280, 281, 284, 289, 290, 291, 292, 293, 294, 295, 296, 340, 341, 342, 343, 344, 345, 346, 347], "excluded_lines": []}}}, "src/eth_finetuning/extraction/export.py": {"executed_lines": [], "summary": {"covered_lines": 0, "num_statements": 104, "percent_covered": 0.0, "percent_covered_display": "0", "missing_lines": 104, "excluded_lines": 0}, "missing_lines": [13, 14, 15, 16, 18, 20, 23, 52, 53, 55, 56, 59, 60, 61, 62, 65, 68, 70, 73, 90, 91, 92, 93, 94, 95, 98, 99, 100, 101, 102, 103, 106, 108, 109, 110, 111, 112, 113, 114, 115, 117, 119, 120, 121, 124, 125, 126, 128, 129, 131, 132, 133, 134, 135, 136, 138, 140, 141, 142, 143, 144, 145, 148, 149, 151, 153, 154, 156, 158, 159, 160, 161, 162, 163, 164, 165, 168, 169, 173, 174, 175, 176, 177, 178, 179, 180, 182, 202, 224, 226, 227, 230, 233, 235, 241, 265, 267, 269, 271, 273, 276, 278, 280, 282], "excluded_lines": [], "functions": {"export_to_csv": {"executed_lines": [], "summary": {"covered_lines": 0, "num_statements": 11, "percent_covered": 0.0, "percent_covered_display": "0", "missing_lines": 11, "excluded_lines": 0}, "missing_lines": [52, 53, 55, 56, 59, 60, 61, 62, 65, 68, 70], "excluded_lines": []}, "_transaction_to_csv_row": {"executed_lines": [], "summary": {"covered_lines": 0, "num_statements": 68, "percent_covered": 0.0, "percent_covered_display": "0", "missing_lines": 68, "excluded_lines": 0}, "missing_lines": [90, 91, 92, 93, 94, 95, 98, 99, 100, 101, 102, 103, 106, 108, 109, 110, 111, 112, 113, 114, 115, 117, 119, 120, 121, 124, 125, 126, 128, 129, 131, 132, 133, 134, 135, 136, 138, 140, 141, 142, 143, 144, 145, 148, 149, 151, 153, 154, 156, 158, 159, 160, 161, 162, 163, 164, 165, 168, 169, 173, 174, 175, 176, 177, 178, 179, 180, 182], "excluded_lines": []}, "merge_and_export": {"executed_lines": [], "summary": {"covered_lines": 0, "num_statements": 6, "percent_covered": 0.0, "percent_covered_display": "0", "missing_lines": 6, "excluded_lines": 0}, "missing_lines": [224, 226, 227, 230, 233, 235], "excluded_lines": []}, "export_with_web3": {"executed_lines": [], "summary": {"covered_lines": 0, "num_statements": 3, "percent_covered": 0.0, "percent_covered_display": "0", "missing_lines": 3, "excluded_lines": 0}, "missing_lines": [265, 267, 282], "excluded_lines": []}, "export_with_web3.get_timestamp": {"executed_lines": [], "summary": {"covered_lines": 0, "num_statements": 6, "percent_covered": 0.0, "percent_covered_display": "0", "missing_lines": 6, "excluded_lines": 0}, "missing_lines": [269, 271, 273, 276, 278, 280], "excluded_lines": []}, "": {"executed_lines": [], "summary": {"covered_lines": 0, "num_statements": 10, "percent_covered": 0.0, "percent_covered_display": "0", "missing_lines": 10, "excluded_lines": 0}, "missing_lines": [13, 14, 15, 16, 18, 20, 23, 73, 202, 241], "excluded_lines": []}}, "classes": {"": {"executed_lines": [], "summary": {"covered_lines": 0, "num_statements": 104, "percent_covered": 0.0, "percent_covered_display": "0", "missing_lines": 104, "excluded_lines": 0}, "missing_lines": [13, 14, 15, 16, 18, 20, 23, 52, 53, 55, 56, 59, 60, 61, 62, 65, 68, 70, 73, 90, 91, 92, 93, 94, 95, 98, 99, 100, 101, 102, 103, 106, 108, 109, 110, 111, 112, 113, 114, 115, 117, 119, 120, 121, 124, 125, 126, 128, 129, 131, 132, 133, 134, 135, 136, 138, 140, 141, 142, 143, 144, 145, 148, 149, 151, 153, 154, 156, 158, 159, 160, 161, 162, 163, 164, 165, 168, 169, 173, 174, 175, 176, 177, 178, 179, 180, 182, 202, 224, 226, 227, 230, 233, 235, 241, 265, 267, 269, 271, 273, 276, 278, 280, 282], "excluded_lines": []}}}, "src/eth_finetuning/training/__init__.py": {"executed_lines": [], "summary": {"covered_lines": 0, "num_statements": 3, "percent_covered": 0.0, "percent_covered_display": "0", "missing_lines": 3, "excluded_lines": 0}, "missing_lines": [3, 12, 20], "excluded_lines": [], "functions": {"": {"executed_lines": [], "summary": {"covered_lines": 0, "num_statements": 3, "percent_covered": 0.0, "percent_covered_display": "0", "missing_lines": 3, "excluded_lines": 0}, "missing_lines": [3, 12, 20], "excluded_lines": []}}, "classes": {"": {"executed_lines": [], "summary": {"covered_lines": 0, "num_statements": 3, "percent_covered": 0.0, "percent_covered_display": "0", "missing_lines": 3, "excluded_lines": 0}, "missing_lines": [3, 12, 20], "excluded_lines": []}}}, "src/eth_finetuning/training/config.py": {"executed_lines": [], "summary": {"covered_lines": 0, "num_statements": 169, "percent_covered": 0.0, "percent_covered_display": "0", "missing_lines": 169, "excluded_lines": 0}, "missing_lines": [16, 17, 18, 19, 21, 23, 26, 27, 30, 31, 32, 35, 36, 39, 40, 41, 42, 45, 46, 49, 50, 51, 52, 53, 54, 56, 58, 59, 60, 61, 62, 63, 64, 65, 68, 69, 72, 73, 77, 80, 81, 82, 85, 86, 89, 92, 93, 94, 95, 98, 99, 102, 103, 106, 107, 110, 111, 114, 115, 116, 119, 120, 123, 126, 127, 130, 133, 135, 137, 138, 141, 142, 146, 147, 151, 152, 153, 154, 157, 158, 162, 163, 169, 170, 173, 174, 175, 178, 179, 182, 183, 184, 186, 188, 189, 195, 196, 199, 200, 201, 204, 205, 208, 209, 210, 211, 212, 213, 216, 217, 219, 221, 222, 224, 226, 227, 229, 231, 232, 234, 236, 237, 239, 244, 245, 247, 249, 250, 265, 267, 268, 270, 272, 273, 275, 276, 279, 280, 281, 282, 283, 284, 285, 287, 296, 297, 298, 299, 300, 302, 304, 305, 309, 310, 320, 321, 322, 323, 324, 325, 327, 336, 343, 411, 418, 419, 421, 422, 424], "excluded_lines": [], "functions": {"LoRAConfig.__post_init__": {"executed_lines": [], "summary": {"covered_lines": 0, "num_statements": 10, "percent_covered": 0.0, "percent_covered_display": "0", "missing_lines": 10, "excluded_lines": 0}, "missing_lines": [58, 59, 60, 61, 62, 63, 64, 65, 68, 69], "excluded_lines": []}, "TrainingHyperparameters.__post_init__": {"executed_lines": [], "summary": {"covered_lines": 0, "num_statements": 14, "percent_covered": 0.0, "percent_covered_display": "0", "missing_lines": 14, "excluded_lines": 0}, "missing_lines": [137, 138, 141, 142, 146, 147, 151, 152, 153, 154, 157, 158, 162, 163], "excluded_lines": []}, "DatasetConfig.__post_init__": {"executed_lines": [], "summary": {"covered_lines": 0, "num_statements": 2, "percent_covered": 0.0, "percent_covered_display": "0", "missing_lines": 2, "excluded_lines": 0}, "missing_lines": [188, 189], "excluded_lines": []}, "TrainingConfig.lora_rank": {"executed_lines": [], "summary": {"covered_lines": 0, "num_statements": 1, "percent_covered": 0.0, "percent_covered_display": "0", "missing_lines": 1, "excluded_lines": 0}, "missing_lines": [219], "excluded_lines": []}, "TrainingConfig.lora_alpha": {"executed_lines": [], "summary": {"covered_lines": 0, "num_statements": 1, "percent_covered": 0.0, "percent_covered_display": "0", "missing_lines": 1, "excluded_lines": 0}, "missing_lines": [224], "excluded_lines": []}, "TrainingConfig.learning_rate": {"executed_lines": [], "summary": {"covered_lines": 0, "num_statements": 1, "percent_covered": 0.0, "percent_covered_display": "0", "missing_lines": 1, "excluded_lines": 0}, "missing_lines": [229], "excluded_lines": []}, "TrainingConfig.batch_size": {"executed_lines": [], "summary": {"covered_lines": 0, "num_statements": 1, "percent_covered": 0.0, "percent_covered_display": "0", "missing_lines": 1, "excluded_lines": 0}, "missing_lines": [234], "excluded_lines": []}, "TrainingConfig.effective_batch_size": {"executed_lines": [], "summary": {"covered_lines": 0, "num_statements": 1, "percent_covered": 0.0, "percent_covered_display": "0", "missing_lines": 1, "excluded_lines": 0}, "missing_lines": [239], "excluded_lines": []}, "TrainingConfig.output_dir": {"executed_lines": [], "summary": {"covered_lines": 0, "num_statements": 1, "percent_covered": 0.0, "percent_covered_display": "0", "missing_lines": 1, "excluded_lines": 0}, "missing_lines": [247], "excluded_lines": []}, "TrainingConfig.from_yaml": {"executed_lines": [], "summary": {"covered_lines": 0, "num_statements": 24, "percent_covered": 0.0, "percent_covered_display": "0", "missing_lines": 24, "excluded_lines": 0}, "missing_lines": [265, 267, 268, 270, 272, 273, 275, 276, 279, 280, 281, 282, 283, 284, 285, 287, 296, 297, 298, 299, 300, 302, 304, 305], "excluded_lines": []}, "TrainingConfig.from_dict": {"executed_lines": [], "summary": {"covered_lines": 0, "num_statements": 7, "percent_covered": 0.0, "percent_covered_display": "0", "missing_lines": 7, "excluded_lines": 0}, "missing_lines": [320, 321, 322, 323, 324, 325, 327], "excluded_lines": []}, "TrainingConfig.to_dict": {"executed_lines": [], "summary": {"covered_lines": 0, "num_statements": 1, "percent_covered": 0.0, "percent_covered_display": "0", "missing_lines": 1, "excluded_lines": 0}, "missing_lines": [343], "excluded_lines": []}, "TrainingConfig.save_yaml": {"executed_lines": [], "summary": {"covered_lines": 0, "num_statements": 5, "percent_covered": 0.0, "percent_covered_display": "0", "missing_lines": 5, "excluded_lines": 0}, "missing_lines": [418, 419, 421, 422, 424], "excluded_lines": []}, "": {"executed_lines": [], "summary": {"covered_lines": 0, "num_statements": 100, "percent_covered": 0.0, "percent_covered_display": "0", "missing_lines": 100, "excluded_lines": 0}, "missing_lines": [16, 17, 18, 19, 21, 23, 26, 27, 30, 31, 32, 35, 36, 39, 40, 41, 42, 45, 46, 49, 50, 51, 52, 53, 54, 56, 72, 73, 77, 80, 81, 82, 85, 86, 89, 92, 93, 94, 95, 98, 99, 102, 103, 106, 107, 110, 111, 114, 115, 116, 119, 120, 123, 126, 127, 130, 133, 135, 169, 170, 173, 174, 175, 178, 179, 182, 183, 184, 186, 195, 196, 199, 200, 201, 204, 205, 208, 209, 210, 211, 212, 213, 216, 217, 221, 222, 226, 227, 231, 232, 236, 237, 244, 245, 249, 250, 309, 310, 336, 411], "excluded_lines": []}}, "classes": {"ModelConfig": {"executed_lines": [], "summary": {"covered_lines": 0, "num_statements": 0, "percent_covered": 100.0, "percent_covered_display": "100", "missing_lines": 0, "excluded_lines": 0}, "missing_lines": [], "excluded_lines": []}, "QuantizationConfig": {"executed_lines": [], "summary": {"covered_lines": 0, "num_statements": 0, "percent_covered": 100.0, "percent_covered_display": "100", "missing_lines": 0, "excluded_lines": 0}, "missing_lines": [], "excluded_lines": []}, "LoRAConfig": {"executed_lines": [], "summary": {"covered_lines": 0, "num_statements": 10, "percent_covered": 0.0, "percent_covered_display": "0", "missing_lines": 10, "excluded_lines": 0}, "missing_lines": [58, 59, 60, 61, 62, 63, 64, 65, 68, 69], "excluded_lines": []}, "TrainingHyperparameters": {"executed_lines": [], "summary": {"covered_lines": 0, "num_statements": 14, "percent_covered": 0.0, "percent_covered_display": "0", "missing_lines": 14, "excluded_lines": 0}, "missing_lines": [137, 138, 141, 142, 146, 147, 151, 152, 153, 154, 157, 158, 162, 163], "excluded_lines": []}, "DatasetConfig": {"executed_lines": [], "summary": {"covered_lines": 0, "num_statements": 2, "percent_covered": 0.0, "percent_covered_display": "0", "missing_lines": 2, "excluded_lines": 0}, "missing_lines": [188, 189], "excluded_lines": []}, "HardwareConfig": {"executed_lines": [], "summary": {"covered_lines": 0, "num_statements": 0, "percent_covered": 100.0, "percent_covered_display": "100", "missing_lines": 0, "excluded_lines": 0}, "missing_lines": [], "excluded_lines": []}, "TrainingConfig": {"executed_lines": [], "summary": {"covered_lines": 0, "num_statements": 43, "percent_covered": 0.0, "percent_covered_display": "0", "missing_lines": 43, "excluded_lines": 0}, "missing_lines": [219, 224, 229, 234, 239, 247, 265, 267, 268, 270, 272, 273, 275, 276, 279, 280, 281, 282, 283, 284, 285, 287, 296, 297, 298, 299, 300, 302, 304, 305, 320, 321, 322, 323, 324, 325, 327, 343, 418, 419, 421, 422, 424], "excluded_lines": []}, "": {"executed_lines": [], "summary": {"covered_lines": 0, "num_statements": 100, "percent_covered": 0.0, "percent_covered_display": "0", "missing_lines": 100, "excluded_lines": 0}, "missing_lines": [16, 17, 18, 19, 21, 23, 26, 27, 30, 31, 32, 35, 36, 39, 40, 41, 42, 45, 46, 49, 50, 51, 52, 53, 54, 56, 72, 73, 77, 80, 81, 82, 85, 86, 89, 92, 93, 94, 95, 98, 99, 102, 103, 106, 107, 110, 111, 114, 115, 116, 119, 120, 123, 126, 127, 130, 133, 135, 169, 170, 173, 174, 175, 178, 179, 182, 183, 184, 186, 195, 196, 199, 200, 201, 204, 205, 208, 209, 210, 211, 212, 213, 216, 217, 221, 222, 226, 227, 231, 232, 236, 237, 244, 245, 249, 250, 309, 310, 336, 411], "excluded_lines": []}}}, "src/eth_finetuning/training/trainer.py": {"executed_lines": [], "summary": {"covered_lines": 0, "num_statements": 152, "percent_covered": 0.0, "percent_covered_display": "0", "missing_lines": 152, "excluded_lines": 0}, "missing_lines": [19, 20, 21, 23, 24, 25, 26, 34, 36, 39, 52, 61, 62, 63, 67, 70, 100, 101, 102, 103, 109, 111, 118, 119, 120, 121, 124, 125, 133, 134, 135, 136, 142, 143, 150, 151, 152, 153, 156, 158, 159, 160, 164, 165, 166, 169, 173, 176, 185, 186, 187, 188, 189, 190, 193, 194, 195, 197, 198, 201, 202, 203, 205, 208, 237, 238, 244, 245, 248, 257, 260, 261, 262, 267, 270, 305, 306, 308, 309, 310, 311, 314, 315, 319, 367, 375, 376, 377, 381, 385, 388, 413, 415, 416, 418, 420, 421, 422, 425, 426, 429, 430, 431, 432, 433, 436, 437, 439, 440, 442, 444, 447, 448, 449, 450, 451, 452, 455, 458, 459, 460, 461, 462, 464, 465, 466, 467, 469, 471, 472, 473, 474, 475, 478, 479, 480, 481, 482, 483, 485, 488, 508, 510, 511, 514, 521, 522, 525, 526, 527, 529, 531], "excluded_lines": [], "functions": {"get_compute_dtype": {"executed_lines": [], "summary": {"covered_lines": 0, "num_statements": 5, "percent_covered": 0.0, "percent_covered_display": "0", "missing_lines": 5, "excluded_lines": 0}, "missing_lines": [52, 61, 62, 63, 67], "excluded_lines": []}, "setup_model_and_tokenizer": {"executed_lines": [], "summary": {"covered_lines": 0, "num_statements": 47, "percent_covered": 0.0, "percent_covered_display": "0", "missing_lines": 47, "excluded_lines": 0}, "missing_lines": [100, 101, 102, 103, 109, 111, 118, 119, 120, 121, 124, 125, 133, 134, 135, 136, 142, 143, 150, 151, 152, 153, 156, 158, 159, 160, 164, 165, 166, 169, 173, 176, 185, 186, 187, 188, 189, 190, 193, 194, 195, 197, 198, 201, 202, 203, 205], "excluded_lines": []}, "preprocess_function": {"executed_lines": [], "summary": {"covered_lines": 0, "num_statements": 10, "percent_covered": 0.0, "percent_covered_display": "0", "missing_lines": 10, "excluded_lines": 0}, "missing_lines": [237, 238, 244, 245, 248, 257, 260, 261, 262, 267], "excluded_lines": []}, "create_trainer": {"executed_lines": [], "summary": {"covered_lines": 0, "num_statements": 15, "percent_covered": 0.0, "percent_covered_display": "0", "missing_lines": 15, "excluded_lines": 0}, "missing_lines": [305, 306, 308, 309, 310, 311, 314, 315, 319, 367, 375, 376, 377, 381, 385], "excluded_lines": []}, "save_training_logs": {"executed_lines": [], "summary": {"covered_lines": 0, "num_statements": 49, "percent_covered": 0.0, "percent_covered_display": "0", "missing_lines": 49, "excluded_lines": 0}, "missing_lines": [413, 415, 416, 418, 420, 421, 422, 425, 426, 429, 430, 431, 432, 433, 436, 437, 439, 440, 442, 444, 447, 448, 449, 450, 451, 452, 455, 458, 459, 460, 461, 462, 464, 465, 466, 467, 469, 471, 472, 473, 474, 475, 478, 479, 480, 481, 482, 483, 485], "excluded_lines": []}, "load_model_for_inference": {"executed_lines": [], "summary": {"covered_lines": 0, "num_statements": 11, "percent_covered": 0.0, "percent_covered_display": "0", "missing_lines": 11, "excluded_lines": 0}, "missing_lines": [508, 510, 511, 514, 521, 522, 525, 526, 527, 529, 531], "excluded_lines": []}, "": {"executed_lines": [], "summary": {"covered_lines": 0, "num_statements": 15, "percent_covered": 0.0, "percent_covered_display": "0", "missing_lines": 15, "excluded_lines": 0}, "missing_lines": [19, 20, 21, 23, 24, 25, 26, 34, 36, 39, 70, 208, 270, 388, 488], "excluded_lines": []}}, "classes": {"": {"executed_lines": [], "summary": {"covered_lines": 0, "num_statements": 152, "percent_covered": 0.0, "percent_covered_display": "0", "missing_lines": 152, "excluded_lines": 0}, "missing_lines": [19, 20, 21, 23, 24, 25, 26, 34, 36, 39, 52, 61, 62, 63, 67, 70, 100, 101, 102, 103, 109, 111, 118, 119, 120, 121, 124, 125, 133, 134, 135, 136, 142, 143, 150, 151, 152, 153, 156, 158, 159, 160, 164, 165, 166, 169, 173, 176, 185, 186, 187, 188, 189, 190, 193, 194, 195, 197, 198, 201, 202, 203, 205, 208, 237, 238, 244, 245, 248, 257, 260, 261, 262, 267, 270, 305, 306, 308, 309, 310, 311, 314, 315, 319, 367, 375, 376, 377, 381, 385, 388, 413, 415, 416, 418, 420, 421, 422, 425, 426, 429, 430, 431, 432, 433, 436, 437, 439, 440, 442, 444, 447, 448, 449, 450, 451, 452, 455, 458, 459, 460, 461, 462, 464, 465, 466, 467, 469, 471, 472, 473, 474, 475, 478, 479, 480, 481, 482, 483, 485, 488, 508, 510, 511, 514, 521, 522, 525, 526, 527, 529, 531], "excluded_lines": []}}}}, "totals": {"covered_lines": 581, "num_statements": 2316, "percent_covered": 25.08635578583765, "percent_covered_display": "25", "missing_lines": 1735, "excluded_lines": 10}}